#! /usr/local/bin/vvp
:ivl_version "0.10.0 (devel)" "(s20141205-267-g50b45da)";
:ivl_delay_selection "TYPICAL";
:vpi_time_precision + 0;
:vpi_module "system";
:vpi_module "vhdl_sys";
:vpi_module "v2005_math";
:vpi_module "va_math";
S_0x7f8f58f00fc0 .scope module, "reg32_0" "reg32_0" 2 21;
 .timescale 0 0;
    .port_info 0 /INPUT 32 "Datain"
    .port_info 1 /INPUT 1 "clk"
    .port_info 2 /INPUT 1 "Clr_"
    .port_info 3 /OUTPUT 32 "Dataout"
    .port_info 4 /INPUT 1 "LE"
P_0x7f8f58f09bd0 .param/l "n" 0 2 22, +C4<00000000000000000000000000100000>;
o0x100d2e008 .functor BUFZ 1, C4<z>; HiZ drive
v0x7f8f58f00380_0 .net "Clr_", 0 0, o0x100d2e008;  0 drivers
o0x100d2e038 .functor BUFZ 32, C4<zzzzzzzzzzzzzzzzzzzzzzzzzzzzzzzz>; HiZ drive
v0x7f8f58f2ee60_0 .net "Datain", 31 0, o0x100d2e038;  0 drivers
v0x7f8f58f2ef00_0 .var "Dataout", 31 0;
o0x100d2e098 .functor BUFZ 1, C4<z>; HiZ drive
v0x7f8f58f2efb0_0 .net "LE", 0 0, o0x100d2e098;  0 drivers
o0x100d2e0c8 .functor BUFZ 1, C4<z>; HiZ drive
v0x7f8f58f2f050_0 .net "clk", 0 0, o0x100d2e0c8;  0 drivers
E_0x7f8f58f01ab0/0 .event negedge, v0x7f8f58f00380_0;
E_0x7f8f58f01ab0/1 .event posedge, v0x7f8f58f2f050_0;
E_0x7f8f58f01ab0 .event/or E_0x7f8f58f01ab0/0, E_0x7f8f58f01ab0/1;
S_0x7f8f58f0cdd0 .scope module, "test_regf" "test_regf" 3 4;
 .timescale 0 0;
P_0x7f8f58f0dc30 .param/l "sim_time" 0 3 13, +C4<00000000000000000000000101000000>;
v0x7f8f58f485b0_0 .var "In1", 31 0;
v0x7f8f58f48640_0 .var "Sel", 0 0;
v0x7f8f58f486d0_0 .net "Y1", 31 0, v0x7f8f58f3f3d0_0;  1 drivers
v0x7f8f58f487a0_0 .net "Y2", 31 0, v0x7f8f58f419d0_0;  1 drivers
v0x7f8f58f48870_0 .var "addr1", 4 0;
v0x7f8f58f48980_0 .var "addr2", 4 0;
v0x7f8f58f48a50_0 .net "clk", 0 0, v0x7f8f58f48520_0;  1 drivers
v0x7f8f58f48ae0_0 .var "waddr", 4 0;
E_0x7f8f58f0daf0 .event posedge, v0x7f8f58f2fad0_0;
S_0x7f8f58f2f1b0 .scope module, "rf1" "RegisterFil" 3 16, 4 111 0, S_0x7f8f58f0cdd0;
 .timescale 0 0;
    .port_info 0 /INPUT 5 "writeaddr"
    .port_info 1 /INPUT 32 "writedata"
    .port_info 2 /INPUT 5 "readaddr1"
    .port_info 3 /OUTPUT 32 "readdata1"
    .port_info 4 /INPUT 5 "readaddr2"
    .port_info 5 /OUTPUT 32 "readdata2"
    .port_info 6 /INPUT 1 "write"
    .port_info 7 /INPUT 1 "clock"
L_0x7f8f58f37210 .functor BUFZ 32, v0x7f8f58f485b0_0, C4<00000000000000000000000000000000>, C4<00000000000000000000000000000000>, C4<00000000000000000000000000000000>;
L_0x7f8f58f372c0 .functor BUFZ 5, v0x7f8f58f48ae0_0, C4<00000>, C4<00000>, C4<00000>;
L_0x7f8f58f373b0 .functor BUFZ 5, v0x7f8f58f48980_0, C4<00000>, C4<00000>, C4<00000>;
L_0x7f8f58f37450 .functor BUFZ 5, v0x7f8f58f48870_0, C4<00000>, C4<00000>, C4<00000>;
v0x7f8f58f41fc0_0 .net "clock", 0 0, v0x7f8f58f48520_0;  alias, 1 drivers
v0x7f8f58f36be0_0 .net "dataout0", 31 0, v0x7f8f58f2f970_0;  1 drivers
v0x7f8f58f36c70_0 .net "dataout1", 31 0, v0x7f8f58f300b0_0;  1 drivers
v0x7f8f58f36d00_0 .net "dataout10", 31 0, v0x7f8f58f307d0_0;  1 drivers
v0x7f8f58f45150_0 .net "dataout11", 31 0, v0x7f8f58f30f10_0;  1 drivers
v0x7f8f58f451e0_0 .net "dataout12", 31 0, v0x7f8f58f315b0_0;  1 drivers
v0x7f8f58f45270_0 .net "dataout13", 31 0, v0x7f8f58f31db0_0;  1 drivers
v0x7f8f58f45300_0 .net "dataout14", 31 0, v0x7f8f58f323f0_0;  1 drivers
v0x7f8f58f45390_0 .net "dataout15", 31 0, v0x7f8f58f32ab0_0;  1 drivers
v0x7f8f58f45420_0 .net "dataout16", 31 0, v0x7f8f58f331b0_0;  1 drivers
v0x7f8f58f454b0_0 .net "dataout17", 31 0, v0x7f8f58f33af0_0;  1 drivers
v0x7f8f58f45550_0 .net "dataout18", 31 0, v0x7f8f58f340b0_0;  1 drivers
v0x7f8f58f455f0_0 .net "dataout19", 31 0, v0x7f8f58f34770_0;  1 drivers
v0x7f8f58f45690_0 .net "dataout2", 31 0, v0x7f8f58f34e30_0;  1 drivers
v0x7f8f58f45730_0 .net "dataout20", 31 0, v0x7f8f58f354f0_0;  1 drivers
v0x7f8f58f457d0_0 .net "dataout21", 31 0, v0x7f8f58f35bb0_0;  1 drivers
v0x7f8f58f45870_0 .net "dataout22", 31 0, v0x7f8f58f36270_0;  1 drivers
v0x7f8f58f45a00_0 .net "dataout23", 31 0, v0x7f8f58f369b0_0;  1 drivers
v0x7f8f58f45a90_0 .net "dataout24", 31 0, v0x7f8f58f339f0_0;  1 drivers
v0x7f8f58f45b20_0 .net "dataout25", 31 0, v0x7f8f58f37a30_0;  1 drivers
v0x7f8f58f45bb0_0 .net "dataout26", 31 0, v0x7f8f58f380f0_0;  1 drivers
v0x7f8f58f45c50_0 .net "dataout27", 31 0, v0x7f8f58f387b0_0;  1 drivers
v0x7f8f58f45cf0_0 .net "dataout28", 31 0, v0x7f8f58f38e70_0;  1 drivers
v0x7f8f58f45d90_0 .net "dataout29", 31 0, v0x7f8f58f39530_0;  1 drivers
v0x7f8f58f45e30_0 .net "dataout3", 31 0, v0x7f8f58f39bf0_0;  1 drivers
v0x7f8f58f45ed0_0 .net "dataout30", 31 0, v0x7f8f58f3a2b0_0;  1 drivers
v0x7f8f58f45f70_0 .net "dataout31", 31 0, v0x7f8f58f3a970_0;  1 drivers
v0x7f8f58f46010_0 .net "dataout4", 31 0, v0x7f8f58f3b030_0;  1 drivers
v0x7f8f58f460b0_0 .net "dataout5", 31 0, v0x7f8f58f3b6f0_0;  1 drivers
v0x7f8f58f46150_0 .net "dataout6", 31 0, v0x7f8f58f3bdb0_0;  1 drivers
v0x7f8f58f461f0_0 .net "dataout7", 31 0, v0x7f8f58f3c470_0;  1 drivers
v0x7f8f58f46290_0 .net "dataout8", 31 0, v0x7f8f58f3cb30_0;  1 drivers
v0x7f8f58f46330_0 .net "dataout9", 31 0, v0x7f8f58f3d1f0_0;  1 drivers
v0x7f8f58f45910_0 .net "oout0", 0 0, v0x7f8f58f43bd0_0;  1 drivers
v0x7f8f58f465c0_0 .net "oout1", 0 0, v0x7f8f58f43c60_0;  1 drivers
v0x7f8f58f46650_0 .net "oout10", 0 0, v0x7f8f58f43cf0_0;  1 drivers
v0x7f8f58f466e0_0 .net "oout11", 0 0, v0x7f8f58f43d80_0;  1 drivers
v0x7f8f58f46770_0 .net "oout12", 0 0, v0x7f8f58f43e10_0;  1 drivers
v0x7f8f58f46840_0 .net "oout13", 0 0, v0x7f8f58f43ea0_0;  1 drivers
v0x7f8f58f468d0_0 .net "oout14", 0 0, v0x7f8f58f43f30_0;  1 drivers
v0x7f8f58f469a0_0 .net "oout15", 0 0, v0x7f8f58f43fe0_0;  1 drivers
v0x7f8f58f46a30_0 .net "oout16", 0 0, v0x7f8f58f44090_0;  1 drivers
v0x7f8f58f46b00_0 .net "oout17", 0 0, v0x7f8f58f44140_0;  1 drivers
v0x7f8f58f46bd0_0 .net "oout18", 0 0, v0x7f8f58f441f0_0;  1 drivers
v0x7f8f58f46ca0_0 .net "oout19", 0 0, v0x7f8f58f442a0_0;  1 drivers
v0x7f8f58f46d70_0 .net "oout2", 0 0, v0x7f8f58f44350_0;  1 drivers
v0x7f8f58f46e40_0 .net "oout20", 0 0, v0x7f8f58f44400_0;  1 drivers
v0x7f8f58f46f10_0 .net "oout21", 0 0, v0x7f8f58f444b0_0;  1 drivers
v0x7f8f58f46fe0_0 .net "oout22", 0 0, v0x7f8f58f44560_0;  1 drivers
v0x7f8f58f470b0_0 .net "oout23", 0 0, v0x7f8f58f44610_0;  1 drivers
v0x7f8f58f47180_0 .net "oout24", 0 0, v0x7f8f58f446c0_0;  1 drivers
v0x7f8f58f47250_0 .net "oout25", 0 0, v0x7f8f58f44770_0;  1 drivers
v0x7f8f58f47320_0 .net "oout26", 0 0, v0x7f8f58f44820_0;  1 drivers
v0x7f8f58f473f0_0 .net "oout27", 0 0, v0x7f8f58f448d0_0;  1 drivers
v0x7f8f58f474c0_0 .net "oout28", 0 0, v0x7f8f58f44980_0;  1 drivers
v0x7f8f58f47590_0 .net "oout29", 0 0, v0x7f8f58f44a30_0;  1 drivers
v0x7f8f58f47660_0 .net "oout3", 0 0, v0x7f8f58f44ae0_0;  1 drivers
v0x7f8f58f47730_0 .net "oout30", 0 0, v0x7f8f58f44b90_0;  1 drivers
v0x7f8f58f47800_0 .net "oout31", 0 0, v0x7f8f58f44c40_0;  1 drivers
v0x7f8f58f478d0_0 .net "oout4", 0 0, v0x7f8f58f44cf0_0;  1 drivers
v0x7f8f58f479a0_0 .net "oout5", 0 0, v0x7f8f58f44da0_0;  1 drivers
v0x7f8f58f47a70_0 .net "oout6", 0 0, v0x7f8f58f44e50_0;  1 drivers
v0x7f8f58f47b40_0 .net "oout7", 0 0, v0x7f8f58f44f00_0;  1 drivers
v0x7f8f58f47c10_0 .net "oout8", 0 0, v0x7f8f58f44fb0_0;  1 drivers
v0x7f8f58f47ce0_0 .net "oout9", 0 0, v0x7f8f58f439f0_0;  1 drivers
v0x7f8f58f46400_0 .net "radd1", 4 0, L_0x7f8f58f37450;  1 drivers
v0x7f8f58f46490_0 .net "raddr2", 4 0, L_0x7f8f58f373b0;  1 drivers
v0x7f8f58f46520_0 .net "readaddr1", 4 0, v0x7f8f58f48870_0;  1 drivers
v0x7f8f58f47d70_0 .net "readaddr2", 4 0, v0x7f8f58f48980_0;  1 drivers
v0x7f8f58f47e00_0 .net "readdata1", 31 0, v0x7f8f58f3f3d0_0;  alias, 1 drivers
v0x7f8f58f47e90_0 .net "readdata2", 31 0, v0x7f8f58f419d0_0;  alias, 1 drivers
L_0x7f8f58f48b70 .functor BUFT 1, C8<771>, C4<0>, C4<0>, C4<0>;
v0x7f8f58f47f20_0 .net8 "vcc", 0 0, L_0x7f8f58f48b70;  1 drivers, strength-aware
L_0x7f8f58f370f0 .functor BUFT 1, C8<770>, C4<0>, C4<0>, C4<0>;
v0x7f8f58f47fb0_0 .net8 "vdd", 0 0, L_0x7f8f58f370f0;  1 drivers, strength-aware
v0x7f8f58f48040_0 .net "waddr", 4 0, L_0x7f8f58f372c0;  1 drivers
v0x7f8f58f480d0_0 .net "wd", 31 0, L_0x7f8f58f37210;  1 drivers
v0x7f8f58f48160_0 .net "write", 0 0, v0x7f8f58f48640_0;  1 drivers
v0x7f8f58f481f0_0 .net "writeaddr", 4 0, v0x7f8f58f48ae0_0;  1 drivers
v0x7f8f58f48280_0 .net "writedata", 31 0, v0x7f8f58f485b0_0;  1 drivers
S_0x7f8f58f2f490 .scope module, "r0" "reg32" 4 135, 2 3 0, S_0x7f8f58f2f1b0;
 .timescale 0 0;
    .port_info 0 /INPUT 32 "Datain"
    .port_info 1 /INPUT 1 "clk"
    .port_info 2 /INPUT 1 "Clr_"
    .port_info 3 /OUTPUT 32 "Dataout"
    .port_info 4 /INPUT 1 "LE"
P_0x7f8f58f2f670 .param/l "n" 0 2 4, +C4<00000000000000000000000000100000>;
v0x7f8f58f2f810_0 .net8 "Clr_", 0 0, L_0x7f8f58f370f0;  alias, 1 drivers, strength-aware
L_0x100d60008 .functor BUFT 1, C4<00000000000000000000000000000000>, C4<0>, C4<0>, C4<0>;
v0x7f8f58f2f8c0_0 .net "Datain", 31 0, L_0x100d60008;  1 drivers
v0x7f8f58f2f970_0 .var "Dataout", 31 0;
v0x7f8f58f2fa30_0 .net "LE", 0 0, v0x7f8f58f43bd0_0;  alias, 1 drivers
v0x7f8f58f2fad0_0 .net "clk", 0 0, v0x7f8f58f48520_0;  alias, 1 drivers
E_0x7f8f58f2f7c0/0 .event negedge, v0x7f8f58f2f810_0;
E_0x7f8f58f2f7c0/1 .event posedge, v0x7f8f58f2fad0_0;
E_0x7f8f58f2f7c0 .event/or E_0x7f8f58f2f7c0/0, E_0x7f8f58f2f7c0/1;
S_0x7f8f58f2fc30 .scope module, "r1" "reg32" 4 136, 2 3 0, S_0x7f8f58f2f1b0;
 .timescale 0 0;
    .port_info 0 /INPUT 32 "Datain"
    .port_info 1 /INPUT 1 "clk"
    .port_info 2 /INPUT 1 "Clr_"
    .port_info 3 /OUTPUT 32 "Dataout"
    .port_info 4 /INPUT 1 "LE"
P_0x7f8f58f2fe00 .param/l "n" 0 2 4, +C4<00000000000000000000000000100000>;
v0x7f8f58f2ff60_0 .net8 "Clr_", 0 0, L_0x7f8f58f48b70;  alias, 1 drivers, strength-aware
v0x7f8f58f30000_0 .net "Datain", 31 0, L_0x7f8f58f37210;  alias, 1 drivers
v0x7f8f58f300b0_0 .var "Dataout", 31 0;
v0x7f8f58f30170_0 .net "LE", 0 0, v0x7f8f58f43c60_0;  alias, 1 drivers
v0x7f8f58f30210_0 .net "clk", 0 0, v0x7f8f58f48520_0;  alias, 1 drivers
E_0x7f8f58f2ff30/0 .event negedge, v0x7f8f58f2ff60_0;
E_0x7f8f58f2ff30/1 .event posedge, v0x7f8f58f2fad0_0;
E_0x7f8f58f2ff30 .event/or E_0x7f8f58f2ff30/0, E_0x7f8f58f2ff30/1;
S_0x7f8f58f30350 .scope module, "r10" "reg32" 4 145, 2 3 0, S_0x7f8f58f2f1b0;
 .timescale 0 0;
    .port_info 0 /INPUT 32 "Datain"
    .port_info 1 /INPUT 1 "clk"
    .port_info 2 /INPUT 1 "Clr_"
    .port_info 3 /OUTPUT 32 "Dataout"
    .port_info 4 /INPUT 1 "LE"
P_0x7f8f58f30540 .param/l "n" 0 2 4, +C4<00000000000000000000000000100000>;
v0x7f8f58f30670_0 .net8 "Clr_", 0 0, L_0x7f8f58f48b70;  alias, 1 drivers, strength-aware
v0x7f8f58f30720_0 .net "Datain", 31 0, L_0x7f8f58f37210;  alias, 1 drivers
v0x7f8f58f307d0_0 .var "Dataout", 31 0;
v0x7f8f58f30880_0 .net "LE", 0 0, v0x7f8f58f43cf0_0;  alias, 1 drivers
v0x7f8f58f30910_0 .net "clk", 0 0, v0x7f8f58f48520_0;  alias, 1 drivers
S_0x7f8f58f30a80 .scope module, "r11" "reg32" 4 146, 2 3 0, S_0x7f8f58f2f1b0;
 .timescale 0 0;
    .port_info 0 /INPUT 32 "Datain"
    .port_info 1 /INPUT 1 "clk"
    .port_info 2 /INPUT 1 "Clr_"
    .port_info 3 /OUTPUT 32 "Dataout"
    .port_info 4 /INPUT 1 "LE"
P_0x7f8f58f30c50 .param/l "n" 0 2 4, +C4<00000000000000000000000000100000>;
v0x7f8f58f30d50_0 .net8 "Clr_", 0 0, L_0x7f8f58f48b70;  alias, 1 drivers, strength-aware
v0x7f8f58f30e30_0 .net "Datain", 31 0, L_0x7f8f58f37210;  alias, 1 drivers
v0x7f8f58f30f10_0 .var "Dataout", 31 0;
v0x7f8f58f30fa0_0 .net "LE", 0 0, v0x7f8f58f43d80_0;  alias, 1 drivers
v0x7f8f58f31030_0 .net "clk", 0 0, v0x7f8f58f48520_0;  alias, 1 drivers
S_0x7f8f58f31180 .scope module, "r12" "reg32" 4 147, 2 3 0, S_0x7f8f58f2f1b0;
 .timescale 0 0;
    .port_info 0 /INPUT 32 "Datain"
    .port_info 1 /INPUT 1 "clk"
    .port_info 2 /INPUT 1 "Clr_"
    .port_info 3 /OUTPUT 32 "Dataout"
    .port_info 4 /INPUT 1 "LE"
P_0x7f8f58f31390 .param/l "n" 0 2 4, +C4<00000000000000000000000000100000>;
v0x7f8f58f31490_0 .net8 "Clr_", 0 0, L_0x7f8f58f48b70;  alias, 1 drivers, strength-aware
v0x7f8f58f31520_0 .net "Datain", 31 0, L_0x7f8f58f37210;  alias, 1 drivers
v0x7f8f58f315b0_0 .var "Dataout", 31 0;
v0x7f8f58f31670_0 .net "LE", 0 0, v0x7f8f58f43e10_0;  alias, 1 drivers
v0x7f8f58f31710_0 .net "clk", 0 0, v0x7f8f58f48520_0;  alias, 1 drivers
S_0x7f8f58f318c0 .scope module, "r13" "reg32" 4 148, 2 3 0, S_0x7f8f58f2f1b0;
 .timescale 0 0;
    .port_info 0 /INPUT 32 "Datain"
    .port_info 1 /INPUT 1 "clk"
    .port_info 2 /INPUT 1 "Clr_"
    .port_info 3 /OUTPUT 32 "Dataout"
    .port_info 4 /INPUT 1 "LE"
P_0x7f8f58f309e0 .param/l "n" 0 2 4, +C4<00000000000000000000000000100000>;
v0x7f8f58f31b70_0 .net8 "Clr_", 0 0, L_0x7f8f58f48b70;  alias, 1 drivers, strength-aware
v0x7f8f58f31c90_0 .net "Datain", 31 0, L_0x7f8f58f37210;  alias, 1 drivers
v0x7f8f58f31db0_0 .var "Dataout", 31 0;
v0x7f8f58f31e40_0 .net "LE", 0 0, v0x7f8f58f43ea0_0;  alias, 1 drivers
v0x7f8f58f31ed0_0 .net "clk", 0 0, v0x7f8f58f48520_0;  alias, 1 drivers
S_0x7f8f58f31fe0 .scope module, "r14" "reg32" 4 149, 2 3 0, S_0x7f8f58f2f1b0;
 .timescale 0 0;
    .port_info 0 /INPUT 32 "Datain"
    .port_info 1 /INPUT 1 "clk"
    .port_info 2 /INPUT 1 "Clr_"
    .port_info 3 /OUTPUT 32 "Dataout"
    .port_info 4 /INPUT 1 "LE"
P_0x7f8f58f321b0 .param/l "n" 0 2 4, +C4<00000000000000000000000000100000>;
v0x7f8f58f322b0_0 .net8 "Clr_", 0 0, L_0x7f8f58f48b70;  alias, 1 drivers, strength-aware
v0x7f8f58f32350_0 .net "Datain", 31 0, L_0x7f8f58f37210;  alias, 1 drivers
v0x7f8f58f323f0_0 .var "Dataout", 31 0;
v0x7f8f58f324b0_0 .net "LE", 0 0, v0x7f8f58f43f30_0;  alias, 1 drivers
v0x7f8f58f32550_0 .net "clk", 0 0, v0x7f8f58f48520_0;  alias, 1 drivers
S_0x7f8f58f326a0 .scope module, "r15" "reg32" 4 150, 2 3 0, S_0x7f8f58f2f1b0;
 .timescale 0 0;
    .port_info 0 /INPUT 32 "Datain"
    .port_info 1 /INPUT 1 "clk"
    .port_info 2 /INPUT 1 "Clr_"
    .port_info 3 /OUTPUT 32 "Dataout"
    .port_info 4 /INPUT 1 "LE"
P_0x7f8f58f32870 .param/l "n" 0 2 4, +C4<00000000000000000000000000100000>;
v0x7f8f58f32970_0 .net8 "Clr_", 0 0, L_0x7f8f58f48b70;  alias, 1 drivers, strength-aware
v0x7f8f58f32a10_0 .net "Datain", 31 0, L_0x7f8f58f37210;  alias, 1 drivers
v0x7f8f58f32ab0_0 .var "Dataout", 31 0;
v0x7f8f58f32b70_0 .net "LE", 0 0, v0x7f8f58f43fe0_0;  alias, 1 drivers
v0x7f8f58f32c10_0 .net "clk", 0 0, v0x7f8f58f48520_0;  alias, 1 drivers
S_0x7f8f58f32d60 .scope module, "r16" "reg32" 4 151, 2 3 0, S_0x7f8f58f2f1b0;
 .timescale 0 0;
    .port_info 0 /INPUT 32 "Datain"
    .port_info 1 /INPUT 1 "clk"
    .port_info 2 /INPUT 1 "Clr_"
    .port_info 3 /OUTPUT 32 "Dataout"
    .port_info 4 /INPUT 1 "LE"
P_0x7f8f58f31350 .param/l "n" 0 2 4, +C4<00000000000000000000000000100000>;
v0x7f8f58f33070_0 .net8 "Clr_", 0 0, L_0x7f8f58f48b70;  alias, 1 drivers, strength-aware
v0x7f8f58f33110_0 .net "Datain", 31 0, L_0x7f8f58f37210;  alias, 1 drivers
v0x7f8f58f331b0_0 .var "Dataout", 31 0;
v0x7f8f58f33270_0 .net "LE", 0 0, v0x7f8f58f44090_0;  alias, 1 drivers
v0x7f8f58f33310_0 .net "clk", 0 0, v0x7f8f58f48520_0;  alias, 1 drivers
S_0x7f8f58f33540 .scope module, "r17" "reg32" 4 152, 2 3 0, S_0x7f8f58f2f1b0;
 .timescale 0 0;
    .port_info 0 /INPUT 32 "Datain"
    .port_info 1 /INPUT 1 "clk"
    .port_info 2 /INPUT 1 "Clr_"
    .port_info 3 /OUTPUT 32 "Dataout"
    .port_info 4 /INPUT 1 "LE"
P_0x7f8f58f336c0 .param/l "n" 0 2 4, +C4<00000000000000000000000000100000>;
v0x7f8f58f337c0_0 .net8 "Clr_", 0 0, L_0x7f8f58f48b70;  alias, 1 drivers, strength-aware
v0x7f8f58f33950_0 .net "Datain", 31 0, L_0x7f8f58f37210;  alias, 1 drivers
v0x7f8f58f33af0_0 .var "Dataout", 31 0;
v0x7f8f58f33b80_0 .net "LE", 0 0, v0x7f8f58f44140_0;  alias, 1 drivers
v0x7f8f58f33c10_0 .net "clk", 0 0, v0x7f8f58f48520_0;  alias, 1 drivers
S_0x7f8f58f33ca0 .scope module, "r18" "reg32" 4 153, 2 3 0, S_0x7f8f58f2f1b0;
 .timescale 0 0;
    .port_info 0 /INPUT 32 "Datain"
    .port_info 1 /INPUT 1 "clk"
    .port_info 2 /INPUT 1 "Clr_"
    .port_info 3 /OUTPUT 32 "Dataout"
    .port_info 4 /INPUT 1 "LE"
P_0x7f8f58f33e70 .param/l "n" 0 2 4, +C4<00000000000000000000000000100000>;
v0x7f8f58f33f70_0 .net8 "Clr_", 0 0, L_0x7f8f58f48b70;  alias, 1 drivers, strength-aware
v0x7f8f58f34010_0 .net "Datain", 31 0, L_0x7f8f58f37210;  alias, 1 drivers
v0x7f8f58f340b0_0 .var "Dataout", 31 0;
v0x7f8f58f34170_0 .net "LE", 0 0, v0x7f8f58f441f0_0;  alias, 1 drivers
v0x7f8f58f34210_0 .net "clk", 0 0, v0x7f8f58f48520_0;  alias, 1 drivers
S_0x7f8f58f34360 .scope module, "r19" "reg32" 4 154, 2 3 0, S_0x7f8f58f2f1b0;
 .timescale 0 0;
    .port_info 0 /INPUT 32 "Datain"
    .port_info 1 /INPUT 1 "clk"
    .port_info 2 /INPUT 1 "Clr_"
    .port_info 3 /OUTPUT 32 "Dataout"
    .port_info 4 /INPUT 1 "LE"
P_0x7f8f58f34530 .param/l "n" 0 2 4, +C4<00000000000000000000000000100000>;
v0x7f8f58f34630_0 .net8 "Clr_", 0 0, L_0x7f8f58f48b70;  alias, 1 drivers, strength-aware
v0x7f8f58f346d0_0 .net "Datain", 31 0, L_0x7f8f58f37210;  alias, 1 drivers
v0x7f8f58f34770_0 .var "Dataout", 31 0;
v0x7f8f58f34830_0 .net "LE", 0 0, v0x7f8f58f442a0_0;  alias, 1 drivers
v0x7f8f58f348d0_0 .net "clk", 0 0, v0x7f8f58f48520_0;  alias, 1 drivers
S_0x7f8f58f34a20 .scope module, "r2" "reg32" 4 137, 2 3 0, S_0x7f8f58f2f1b0;
 .timescale 0 0;
    .port_info 0 /INPUT 32 "Datain"
    .port_info 1 /INPUT 1 "clk"
    .port_info 2 /INPUT 1 "Clr_"
    .port_info 3 /OUTPUT 32 "Dataout"
    .port_info 4 /INPUT 1 "LE"
P_0x7f8f58f34bf0 .param/l "n" 0 2 4, +C4<00000000000000000000000000100000>;
v0x7f8f58f34cf0_0 .net8 "Clr_", 0 0, L_0x7f8f58f48b70;  alias, 1 drivers, strength-aware
v0x7f8f58f34d90_0 .net "Datain", 31 0, L_0x7f8f58f37210;  alias, 1 drivers
v0x7f8f58f34e30_0 .var "Dataout", 31 0;
v0x7f8f58f34ef0_0 .net "LE", 0 0, v0x7f8f58f44350_0;  alias, 1 drivers
v0x7f8f58f34f90_0 .net "clk", 0 0, v0x7f8f58f48520_0;  alias, 1 drivers
S_0x7f8f58f350e0 .scope module, "r20" "reg32" 4 155, 2 3 0, S_0x7f8f58f2f1b0;
 .timescale 0 0;
    .port_info 0 /INPUT 32 "Datain"
    .port_info 1 /INPUT 1 "clk"
    .port_info 2 /INPUT 1 "Clr_"
    .port_info 3 /OUTPUT 32 "Dataout"
    .port_info 4 /INPUT 1 "LE"
P_0x7f8f58f352b0 .param/l "n" 0 2 4, +C4<00000000000000000000000000100000>;
v0x7f8f58f353b0_0 .net8 "Clr_", 0 0, L_0x7f8f58f48b70;  alias, 1 drivers, strength-aware
v0x7f8f58f35450_0 .net "Datain", 31 0, L_0x7f8f58f37210;  alias, 1 drivers
v0x7f8f58f354f0_0 .var "Dataout", 31 0;
v0x7f8f58f355b0_0 .net "LE", 0 0, v0x7f8f58f44400_0;  alias, 1 drivers
v0x7f8f58f35650_0 .net "clk", 0 0, v0x7f8f58f48520_0;  alias, 1 drivers
S_0x7f8f58f357a0 .scope module, "r21" "reg32" 4 156, 2 3 0, S_0x7f8f58f2f1b0;
 .timescale 0 0;
    .port_info 0 /INPUT 32 "Datain"
    .port_info 1 /INPUT 1 "clk"
    .port_info 2 /INPUT 1 "Clr_"
    .port_info 3 /OUTPUT 32 "Dataout"
    .port_info 4 /INPUT 1 "LE"
P_0x7f8f58f35970 .param/l "n" 0 2 4, +C4<00000000000000000000000000100000>;
v0x7f8f58f35a70_0 .net8 "Clr_", 0 0, L_0x7f8f58f48b70;  alias, 1 drivers, strength-aware
v0x7f8f58f35b10_0 .net "Datain", 31 0, L_0x7f8f58f37210;  alias, 1 drivers
v0x7f8f58f35bb0_0 .var "Dataout", 31 0;
v0x7f8f58f35c70_0 .net "LE", 0 0, v0x7f8f58f444b0_0;  alias, 1 drivers
v0x7f8f58f35d10_0 .net "clk", 0 0, v0x7f8f58f48520_0;  alias, 1 drivers
S_0x7f8f58f35e60 .scope module, "r22" "reg32" 4 157, 2 3 0, S_0x7f8f58f2f1b0;
 .timescale 0 0;
    .port_info 0 /INPUT 32 "Datain"
    .port_info 1 /INPUT 1 "clk"
    .port_info 2 /INPUT 1 "Clr_"
    .port_info 3 /OUTPUT 32 "Dataout"
    .port_info 4 /INPUT 1 "LE"
P_0x7f8f58f36030 .param/l "n" 0 2 4, +C4<00000000000000000000000000100000>;
v0x7f8f58f36130_0 .net8 "Clr_", 0 0, L_0x7f8f58f48b70;  alias, 1 drivers, strength-aware
v0x7f8f58f361d0_0 .net "Datain", 31 0, L_0x7f8f58f37210;  alias, 1 drivers
v0x7f8f58f36270_0 .var "Dataout", 31 0;
v0x7f8f58f36330_0 .net "LE", 0 0, v0x7f8f58f44560_0;  alias, 1 drivers
v0x7f8f58f363d0_0 .net "clk", 0 0, v0x7f8f58f48520_0;  alias, 1 drivers
S_0x7f8f58f36520 .scope module, "r23" "reg32" 4 158, 2 3 0, S_0x7f8f58f2f1b0;
 .timescale 0 0;
    .port_info 0 /INPUT 32 "Datain"
    .port_info 1 /INPUT 1 "clk"
    .port_info 2 /INPUT 1 "Clr_"
    .port_info 3 /OUTPUT 32 "Dataout"
    .port_info 4 /INPUT 1 "LE"
P_0x7f8f58f367f0 .param/l "n" 0 2 4, +C4<00000000000000000000000000100000>;
v0x7f8f58f36870_0 .net8 "Clr_", 0 0, L_0x7f8f58f48b70;  alias, 1 drivers, strength-aware
v0x7f8f58f36910_0 .net "Datain", 31 0, L_0x7f8f58f37210;  alias, 1 drivers
v0x7f8f58f369b0_0 .var "Dataout", 31 0;
v0x7f8f58f36a70_0 .net "LE", 0 0, v0x7f8f58f44610_0;  alias, 1 drivers
v0x7f8f58f36b10_0 .net "clk", 0 0, v0x7f8f58f48520_0;  alias, 1 drivers
S_0x7f8f58f36de0 .scope module, "r24" "reg32" 4 159, 2 3 0, S_0x7f8f58f2f1b0;
 .timescale 0 0;
    .port_info 0 /INPUT 32 "Datain"
    .port_info 1 /INPUT 1 "clk"
    .port_info 2 /INPUT 1 "Clr_"
    .port_info 3 /OUTPUT 32 "Dataout"
    .port_info 4 /INPUT 1 "LE"
P_0x7f8f58f36f60 .param/l "n" 0 2 4, +C4<00000000000000000000000000100000>;
v0x7f8f58f37060_0 .net8 "Clr_", 0 0, L_0x7f8f58f48b70;  alias, 1 drivers, strength-aware
v0x7f8f58f33850_0 .net "Datain", 31 0, L_0x7f8f58f37210;  alias, 1 drivers
v0x7f8f58f339f0_0 .var "Dataout", 31 0;
v0x7f8f58f374f0_0 .net "LE", 0 0, v0x7f8f58f446c0_0;  alias, 1 drivers
v0x7f8f58f37580_0 .net "clk", 0 0, v0x7f8f58f48520_0;  alias, 1 drivers
S_0x7f8f58f37620 .scope module, "r25" "reg32" 4 160, 2 3 0, S_0x7f8f58f2f1b0;
 .timescale 0 0;
    .port_info 0 /INPUT 32 "Datain"
    .port_info 1 /INPUT 1 "clk"
    .port_info 2 /INPUT 1 "Clr_"
    .port_info 3 /OUTPUT 32 "Dataout"
    .port_info 4 /INPUT 1 "LE"
P_0x7f8f58f377f0 .param/l "n" 0 2 4, +C4<00000000000000000000000000100000>;
v0x7f8f58f378f0_0 .net8 "Clr_", 0 0, L_0x7f8f58f48b70;  alias, 1 drivers, strength-aware
v0x7f8f58f37990_0 .net "Datain", 31 0, L_0x7f8f58f37210;  alias, 1 drivers
v0x7f8f58f37a30_0 .var "Dataout", 31 0;
v0x7f8f58f37af0_0 .net "LE", 0 0, v0x7f8f58f44770_0;  alias, 1 drivers
v0x7f8f58f37b90_0 .net "clk", 0 0, v0x7f8f58f48520_0;  alias, 1 drivers
S_0x7f8f58f37ce0 .scope module, "r26" "reg32" 4 161, 2 3 0, S_0x7f8f58f2f1b0;
 .timescale 0 0;
    .port_info 0 /INPUT 32 "Datain"
    .port_info 1 /INPUT 1 "clk"
    .port_info 2 /INPUT 1 "Clr_"
    .port_info 3 /OUTPUT 32 "Dataout"
    .port_info 4 /INPUT 1 "LE"
P_0x7f8f58f37eb0 .param/l "n" 0 2 4, +C4<00000000000000000000000000100000>;
v0x7f8f58f37fb0_0 .net8 "Clr_", 0 0, L_0x7f8f58f48b70;  alias, 1 drivers, strength-aware
v0x7f8f58f38050_0 .net "Datain", 31 0, L_0x7f8f58f37210;  alias, 1 drivers
v0x7f8f58f380f0_0 .var "Dataout", 31 0;
v0x7f8f58f381b0_0 .net "LE", 0 0, v0x7f8f58f44820_0;  alias, 1 drivers
v0x7f8f58f38250_0 .net "clk", 0 0, v0x7f8f58f48520_0;  alias, 1 drivers
S_0x7f8f58f383a0 .scope module, "r27" "reg32" 4 162, 2 3 0, S_0x7f8f58f2f1b0;
 .timescale 0 0;
    .port_info 0 /INPUT 32 "Datain"
    .port_info 1 /INPUT 1 "clk"
    .port_info 2 /INPUT 1 "Clr_"
    .port_info 3 /OUTPUT 32 "Dataout"
    .port_info 4 /INPUT 1 "LE"
P_0x7f8f58f38570 .param/l "n" 0 2 4, +C4<00000000000000000000000000100000>;
v0x7f8f58f38670_0 .net8 "Clr_", 0 0, L_0x7f8f58f48b70;  alias, 1 drivers, strength-aware
v0x7f8f58f38710_0 .net "Datain", 31 0, L_0x7f8f58f37210;  alias, 1 drivers
v0x7f8f58f387b0_0 .var "Dataout", 31 0;
v0x7f8f58f38870_0 .net "LE", 0 0, v0x7f8f58f448d0_0;  alias, 1 drivers
v0x7f8f58f38910_0 .net "clk", 0 0, v0x7f8f58f48520_0;  alias, 1 drivers
S_0x7f8f58f38a60 .scope module, "r28" "reg32" 4 163, 2 3 0, S_0x7f8f58f2f1b0;
 .timescale 0 0;
    .port_info 0 /INPUT 32 "Datain"
    .port_info 1 /INPUT 1 "clk"
    .port_info 2 /INPUT 1 "Clr_"
    .port_info 3 /OUTPUT 32 "Dataout"
    .port_info 4 /INPUT 1 "LE"
P_0x7f8f58f38c30 .param/l "n" 0 2 4, +C4<00000000000000000000000000100000>;
v0x7f8f58f38d30_0 .net8 "Clr_", 0 0, L_0x7f8f58f48b70;  alias, 1 drivers, strength-aware
v0x7f8f58f38dd0_0 .net "Datain", 31 0, L_0x7f8f58f37210;  alias, 1 drivers
v0x7f8f58f38e70_0 .var "Dataout", 31 0;
v0x7f8f58f38f30_0 .net "LE", 0 0, v0x7f8f58f44980_0;  alias, 1 drivers
v0x7f8f58f38fd0_0 .net "clk", 0 0, v0x7f8f58f48520_0;  alias, 1 drivers
S_0x7f8f58f39120 .scope module, "r29" "reg32" 4 164, 2 3 0, S_0x7f8f58f2f1b0;
 .timescale 0 0;
    .port_info 0 /INPUT 32 "Datain"
    .port_info 1 /INPUT 1 "clk"
    .port_info 2 /INPUT 1 "Clr_"
    .port_info 3 /OUTPUT 32 "Dataout"
    .port_info 4 /INPUT 1 "LE"
P_0x7f8f58f392f0 .param/l "n" 0 2 4, +C4<00000000000000000000000000100000>;
v0x7f8f58f393f0_0 .net8 "Clr_", 0 0, L_0x7f8f58f48b70;  alias, 1 drivers, strength-aware
v0x7f8f58f39490_0 .net "Datain", 31 0, L_0x7f8f58f37210;  alias, 1 drivers
v0x7f8f58f39530_0 .var "Dataout", 31 0;
v0x7f8f58f395f0_0 .net "LE", 0 0, v0x7f8f58f44a30_0;  alias, 1 drivers
v0x7f8f58f39690_0 .net "clk", 0 0, v0x7f8f58f48520_0;  alias, 1 drivers
S_0x7f8f58f397e0 .scope module, "r3" "reg32" 4 138, 2 3 0, S_0x7f8f58f2f1b0;
 .timescale 0 0;
    .port_info 0 /INPUT 32 "Datain"
    .port_info 1 /INPUT 1 "clk"
    .port_info 2 /INPUT 1 "Clr_"
    .port_info 3 /OUTPUT 32 "Dataout"
    .port_info 4 /INPUT 1 "LE"
P_0x7f8f58f399b0 .param/l "n" 0 2 4, +C4<00000000000000000000000000100000>;
v0x7f8f58f39ab0_0 .net8 "Clr_", 0 0, L_0x7f8f58f48b70;  alias, 1 drivers, strength-aware
v0x7f8f58f39b50_0 .net "Datain", 31 0, L_0x7f8f58f37210;  alias, 1 drivers
v0x7f8f58f39bf0_0 .var "Dataout", 31 0;
v0x7f8f58f39cb0_0 .net "LE", 0 0, v0x7f8f58f44ae0_0;  alias, 1 drivers
v0x7f8f58f39d50_0 .net "clk", 0 0, v0x7f8f58f48520_0;  alias, 1 drivers
S_0x7f8f58f39ea0 .scope module, "r30" "reg32" 4 165, 2 3 0, S_0x7f8f58f2f1b0;
 .timescale 0 0;
    .port_info 0 /INPUT 32 "Datain"
    .port_info 1 /INPUT 1 "clk"
    .port_info 2 /INPUT 1 "Clr_"
    .port_info 3 /OUTPUT 32 "Dataout"
    .port_info 4 /INPUT 1 "LE"
P_0x7f8f58f3a070 .param/l "n" 0 2 4, +C4<00000000000000000000000000100000>;
v0x7f8f58f3a170_0 .net8 "Clr_", 0 0, L_0x7f8f58f48b70;  alias, 1 drivers, strength-aware
v0x7f8f58f3a210_0 .net "Datain", 31 0, L_0x7f8f58f37210;  alias, 1 drivers
v0x7f8f58f3a2b0_0 .var "Dataout", 31 0;
v0x7f8f58f3a370_0 .net "LE", 0 0, v0x7f8f58f44b90_0;  alias, 1 drivers
v0x7f8f58f3a410_0 .net "clk", 0 0, v0x7f8f58f48520_0;  alias, 1 drivers
S_0x7f8f58f3a560 .scope module, "r31" "reg32" 4 166, 2 3 0, S_0x7f8f58f2f1b0;
 .timescale 0 0;
    .port_info 0 /INPUT 32 "Datain"
    .port_info 1 /INPUT 1 "clk"
    .port_info 2 /INPUT 1 "Clr_"
    .port_info 3 /OUTPUT 32 "Dataout"
    .port_info 4 /INPUT 1 "LE"
P_0x7f8f58f3a730 .param/l "n" 0 2 4, +C4<00000000000000000000000000100000>;
v0x7f8f58f3a830_0 .net8 "Clr_", 0 0, L_0x7f8f58f48b70;  alias, 1 drivers, strength-aware
v0x7f8f58f3a8d0_0 .net "Datain", 31 0, L_0x7f8f58f37210;  alias, 1 drivers
v0x7f8f58f3a970_0 .var "Dataout", 31 0;
v0x7f8f58f3aa30_0 .net "LE", 0 0, v0x7f8f58f44c40_0;  alias, 1 drivers
v0x7f8f58f3aad0_0 .net "clk", 0 0, v0x7f8f58f48520_0;  alias, 1 drivers
S_0x7f8f58f3ac20 .scope module, "r4" "reg32" 4 139, 2 3 0, S_0x7f8f58f2f1b0;
 .timescale 0 0;
    .port_info 0 /INPUT 32 "Datain"
    .port_info 1 /INPUT 1 "clk"
    .port_info 2 /INPUT 1 "Clr_"
    .port_info 3 /OUTPUT 32 "Dataout"
    .port_info 4 /INPUT 1 "LE"
P_0x7f8f58f3adf0 .param/l "n" 0 2 4, +C4<00000000000000000000000000100000>;
v0x7f8f58f3aef0_0 .net8 "Clr_", 0 0, L_0x7f8f58f48b70;  alias, 1 drivers, strength-aware
v0x7f8f58f3af90_0 .net "Datain", 31 0, L_0x7f8f58f37210;  alias, 1 drivers
v0x7f8f58f3b030_0 .var "Dataout", 31 0;
v0x7f8f58f3b0f0_0 .net "LE", 0 0, v0x7f8f58f44cf0_0;  alias, 1 drivers
v0x7f8f58f3b190_0 .net "clk", 0 0, v0x7f8f58f48520_0;  alias, 1 drivers
S_0x7f8f58f3b2e0 .scope module, "r5" "reg32" 4 140, 2 3 0, S_0x7f8f58f2f1b0;
 .timescale 0 0;
    .port_info 0 /INPUT 32 "Datain"
    .port_info 1 /INPUT 1 "clk"
    .port_info 2 /INPUT 1 "Clr_"
    .port_info 3 /OUTPUT 32 "Dataout"
    .port_info 4 /INPUT 1 "LE"
P_0x7f8f58f3b4b0 .param/l "n" 0 2 4, +C4<00000000000000000000000000100000>;
v0x7f8f58f3b5b0_0 .net8 "Clr_", 0 0, L_0x7f8f58f48b70;  alias, 1 drivers, strength-aware
v0x7f8f58f3b650_0 .net "Datain", 31 0, L_0x7f8f58f37210;  alias, 1 drivers
v0x7f8f58f3b6f0_0 .var "Dataout", 31 0;
v0x7f8f58f3b7b0_0 .net "LE", 0 0, v0x7f8f58f44da0_0;  alias, 1 drivers
v0x7f8f58f3b850_0 .net "clk", 0 0, v0x7f8f58f48520_0;  alias, 1 drivers
S_0x7f8f58f3b9a0 .scope module, "r6" "reg32" 4 141, 2 3 0, S_0x7f8f58f2f1b0;
 .timescale 0 0;
    .port_info 0 /INPUT 32 "Datain"
    .port_info 1 /INPUT 1 "clk"
    .port_info 2 /INPUT 1 "Clr_"
    .port_info 3 /OUTPUT 32 "Dataout"
    .port_info 4 /INPUT 1 "LE"
P_0x7f8f58f3bb70 .param/l "n" 0 2 4, +C4<00000000000000000000000000100000>;
v0x7f8f58f3bc70_0 .net8 "Clr_", 0 0, L_0x7f8f58f48b70;  alias, 1 drivers, strength-aware
v0x7f8f58f3bd10_0 .net "Datain", 31 0, L_0x7f8f58f37210;  alias, 1 drivers
v0x7f8f58f3bdb0_0 .var "Dataout", 31 0;
v0x7f8f58f3be70_0 .net "LE", 0 0, v0x7f8f58f44e50_0;  alias, 1 drivers
v0x7f8f58f3bf10_0 .net "clk", 0 0, v0x7f8f58f48520_0;  alias, 1 drivers
S_0x7f8f58f3c060 .scope module, "r7" "reg32" 4 142, 2 3 0, S_0x7f8f58f2f1b0;
 .timescale 0 0;
    .port_info 0 /INPUT 32 "Datain"
    .port_info 1 /INPUT 1 "clk"
    .port_info 2 /INPUT 1 "Clr_"
    .port_info 3 /OUTPUT 32 "Dataout"
    .port_info 4 /INPUT 1 "LE"
P_0x7f8f58f3c230 .param/l "n" 0 2 4, +C4<00000000000000000000000000100000>;
v0x7f8f58f3c330_0 .net8 "Clr_", 0 0, L_0x7f8f58f48b70;  alias, 1 drivers, strength-aware
v0x7f8f58f3c3d0_0 .net "Datain", 31 0, L_0x7f8f58f37210;  alias, 1 drivers
v0x7f8f58f3c470_0 .var "Dataout", 31 0;
v0x7f8f58f3c530_0 .net "LE", 0 0, v0x7f8f58f44f00_0;  alias, 1 drivers
v0x7f8f58f3c5d0_0 .net "clk", 0 0, v0x7f8f58f48520_0;  alias, 1 drivers
S_0x7f8f58f3c720 .scope module, "r8" "reg32" 4 143, 2 3 0, S_0x7f8f58f2f1b0;
 .timescale 0 0;
    .port_info 0 /INPUT 32 "Datain"
    .port_info 1 /INPUT 1 "clk"
    .port_info 2 /INPUT 1 "Clr_"
    .port_info 3 /OUTPUT 32 "Dataout"
    .port_info 4 /INPUT 1 "LE"
P_0x7f8f58f3c8f0 .param/l "n" 0 2 4, +C4<00000000000000000000000000100000>;
v0x7f8f58f3c9f0_0 .net8 "Clr_", 0 0, L_0x7f8f58f48b70;  alias, 1 drivers, strength-aware
v0x7f8f58f3ca90_0 .net "Datain", 31 0, L_0x7f8f58f37210;  alias, 1 drivers
v0x7f8f58f3cb30_0 .var "Dataout", 31 0;
v0x7f8f58f3cbf0_0 .net "LE", 0 0, v0x7f8f58f44fb0_0;  alias, 1 drivers
v0x7f8f58f3cc90_0 .net "clk", 0 0, v0x7f8f58f48520_0;  alias, 1 drivers
S_0x7f8f58f3cde0 .scope module, "r9" "reg32" 4 144, 2 3 0, S_0x7f8f58f2f1b0;
 .timescale 0 0;
    .port_info 0 /INPUT 32 "Datain"
    .port_info 1 /INPUT 1 "clk"
    .port_info 2 /INPUT 1 "Clr_"
    .port_info 3 /OUTPUT 32 "Dataout"
    .port_info 4 /INPUT 1 "LE"
P_0x7f8f58f3cfb0 .param/l "n" 0 2 4, +C4<00000000000000000000000000100000>;
v0x7f8f58f3d0b0_0 .net8 "Clr_", 0 0, L_0x7f8f58f48b70;  alias, 1 drivers, strength-aware
v0x7f8f58f3d150_0 .net "Datain", 31 0, L_0x7f8f58f37210;  alias, 1 drivers
v0x7f8f58f3d1f0_0 .var "Dataout", 31 0;
v0x7f8f58f3d2b0_0 .net "LE", 0 0, v0x7f8f58f439f0_0;  alias, 1 drivers
v0x7f8f58f3d350_0 .net "clk", 0 0, v0x7f8f58f48520_0;  alias, 1 drivers
S_0x7f8f58f3d4a0 .scope module, "read1" "Mult32to1" 4 168, 5 1 0, S_0x7f8f58f2f1b0;
 .timescale 0 0;
    .port_info 0 /INPUT 32 "In1"
    .port_info 1 /INPUT 32 "In2"
    .port_info 2 /INPUT 32 "In3"
    .port_info 3 /INPUT 32 "In4"
    .port_info 4 /INPUT 32 "In5"
    .port_info 5 /INPUT 32 "In6"
    .port_info 6 /INPUT 32 "In7"
    .port_info 7 /INPUT 32 "In8"
    .port_info 8 /INPUT 32 "In9"
    .port_info 9 /INPUT 32 "In10"
    .port_info 10 /INPUT 32 "In11"
    .port_info 11 /INPUT 32 "In12"
    .port_info 12 /INPUT 32 "In13"
    .port_info 13 /INPUT 32 "In14"
    .port_info 14 /INPUT 32 "In15"
    .port_info 15 /INPUT 32 "In16"
    .port_info 16 /INPUT 32 "In17"
    .port_info 17 /INPUT 32 "In18"
    .port_info 18 /INPUT 32 "In19"
    .port_info 19 /INPUT 32 "In20"
    .port_info 20 /INPUT 32 "In21"
    .port_info 21 /INPUT 32 "In22"
    .port_info 22 /INPUT 32 "In23"
    .port_info 23 /INPUT 32 "In24"
    .port_info 24 /INPUT 32 "In25"
    .port_info 25 /INPUT 32 "In26"
    .port_info 26 /INPUT 32 "In27"
    .port_info 27 /INPUT 32 "In28"
    .port_info 28 /INPUT 32 "In29"
    .port_info 29 /INPUT 32 "In30"
    .port_info 30 /INPUT 32 "In31"
    .port_info 31 /INPUT 32 "In32"
    .port_info 32 /INPUT 5 "Sel"
    .port_info 33 /OUTPUT 32 "Out"
v0x7f8f58f366f0_0 .net "In1", 31 0, v0x7f8f58f2f970_0;  alias, 1 drivers
v0x7f8f58f3ddc0_0 .net "In10", 31 0, v0x7f8f58f3d1f0_0;  alias, 1 drivers
v0x7f8f58f3de50_0 .net "In11", 31 0, v0x7f8f58f307d0_0;  alias, 1 drivers
v0x7f8f58f3df00_0 .net "In12", 31 0, v0x7f8f58f30f10_0;  alias, 1 drivers
v0x7f8f58f3dfb0_0 .net "In13", 31 0, v0x7f8f58f315b0_0;  alias, 1 drivers
v0x7f8f58f3e080_0 .net "In14", 31 0, v0x7f8f58f31db0_0;  alias, 1 drivers
v0x7f8f58f3e130_0 .net "In15", 31 0, v0x7f8f58f323f0_0;  alias, 1 drivers
v0x7f8f58f3e1e0_0 .net "In16", 31 0, v0x7f8f58f32ab0_0;  alias, 1 drivers
v0x7f8f58f3e290_0 .net "In17", 31 0, v0x7f8f58f331b0_0;  alias, 1 drivers
v0x7f8f58f3e3c0_0 .net "In18", 31 0, v0x7f8f58f33af0_0;  alias, 1 drivers
v0x7f8f58f3e450_0 .net "In19", 31 0, v0x7f8f58f340b0_0;  alias, 1 drivers
v0x7f8f58f3e4e0_0 .net "In2", 31 0, v0x7f8f58f300b0_0;  alias, 1 drivers
v0x7f8f58f3e590_0 .net "In20", 31 0, v0x7f8f58f34770_0;  alias, 1 drivers
v0x7f8f58f3e640_0 .net "In21", 31 0, v0x7f8f58f354f0_0;  alias, 1 drivers
v0x7f8f58f3e6f0_0 .net "In22", 31 0, v0x7f8f58f35bb0_0;  alias, 1 drivers
v0x7f8f58f3e7a0_0 .net "In23", 31 0, v0x7f8f58f36270_0;  alias, 1 drivers
v0x7f8f58f3e850_0 .net "In24", 31 0, v0x7f8f58f369b0_0;  alias, 1 drivers
v0x7f8f58f3ea00_0 .net "In25", 31 0, v0x7f8f58f339f0_0;  alias, 1 drivers
v0x7f8f58f3ea90_0 .net "In26", 31 0, v0x7f8f58f37a30_0;  alias, 1 drivers
v0x7f8f58f3eb20_0 .net "In27", 31 0, v0x7f8f58f380f0_0;  alias, 1 drivers
v0x7f8f58f3ebb0_0 .net "In28", 31 0, v0x7f8f58f387b0_0;  alias, 1 drivers
v0x7f8f58f3ec40_0 .net "In29", 31 0, v0x7f8f58f38e70_0;  alias, 1 drivers
v0x7f8f58f3ecf0_0 .net "In3", 31 0, v0x7f8f58f34e30_0;  alias, 1 drivers
v0x7f8f58f3eda0_0 .net "In30", 31 0, v0x7f8f58f39530_0;  alias, 1 drivers
v0x7f8f58f3ee50_0 .net "In31", 31 0, v0x7f8f58f3a2b0_0;  alias, 1 drivers
v0x7f8f58f3ef00_0 .net "In32", 31 0, v0x7f8f58f3a970_0;  alias, 1 drivers
v0x7f8f58f3efb0_0 .net "In4", 31 0, v0x7f8f58f39bf0_0;  alias, 1 drivers
v0x7f8f58f3f060_0 .net "In5", 31 0, v0x7f8f58f3b030_0;  alias, 1 drivers
v0x7f8f58f3f110_0 .net "In6", 31 0, v0x7f8f58f3b6f0_0;  alias, 1 drivers
v0x7f8f58f3f1c0_0 .net "In7", 31 0, v0x7f8f58f3bdb0_0;  alias, 1 drivers
v0x7f8f58f3f270_0 .net "In8", 31 0, v0x7f8f58f3c470_0;  alias, 1 drivers
v0x7f8f58f3f320_0 .net "In9", 31 0, v0x7f8f58f3cb30_0;  alias, 1 drivers
v0x7f8f58f3f3d0_0 .var "Out", 31 0;
v0x7f8f58f3e8e0_0 .net "Sel", 4 0, v0x7f8f58f48870_0;  alias, 1 drivers
E_0x7f8f58f30640/0 .event edge, v0x7f8f58f3e8e0_0, v0x7f8f58f3a970_0, v0x7f8f58f3a2b0_0, v0x7f8f58f39530_0;
E_0x7f8f58f30640/1 .event edge, v0x7f8f58f38e70_0, v0x7f8f58f387b0_0, v0x7f8f58f380f0_0, v0x7f8f58f37a30_0;
E_0x7f8f58f30640/2 .event edge, v0x7f8f58f339f0_0, v0x7f8f58f369b0_0, v0x7f8f58f36270_0, v0x7f8f58f35bb0_0;
E_0x7f8f58f30640/3 .event edge, v0x7f8f58f354f0_0, v0x7f8f58f34770_0, v0x7f8f58f340b0_0, v0x7f8f58f33af0_0;
E_0x7f8f58f30640/4 .event edge, v0x7f8f58f331b0_0, v0x7f8f58f32ab0_0, v0x7f8f58f323f0_0, v0x7f8f58f31db0_0;
E_0x7f8f58f30640/5 .event edge, v0x7f8f58f315b0_0, v0x7f8f58f30f10_0, v0x7f8f58f307d0_0, v0x7f8f58f3d1f0_0;
E_0x7f8f58f30640/6 .event edge, v0x7f8f58f3cb30_0, v0x7f8f58f3c470_0, v0x7f8f58f3bdb0_0, v0x7f8f58f3b6f0_0;
E_0x7f8f58f30640/7 .event edge, v0x7f8f58f3b030_0, v0x7f8f58f39bf0_0, v0x7f8f58f34e30_0, v0x7f8f58f300b0_0;
E_0x7f8f58f30640/8 .event edge, v0x7f8f58f2f970_0;
E_0x7f8f58f30640 .event/or E_0x7f8f58f30640/0, E_0x7f8f58f30640/1, E_0x7f8f58f30640/2, E_0x7f8f58f30640/3, E_0x7f8f58f30640/4, E_0x7f8f58f30640/5, E_0x7f8f58f30640/6, E_0x7f8f58f30640/7, E_0x7f8f58f30640/8;
S_0x7f8f58f3f940 .scope module, "read2" "Mult32to1" 4 169, 5 1 0, S_0x7f8f58f2f1b0;
 .timescale 0 0;
    .port_info 0 /INPUT 32 "In1"
    .port_info 1 /INPUT 32 "In2"
    .port_info 2 /INPUT 32 "In3"
    .port_info 3 /INPUT 32 "In4"
    .port_info 4 /INPUT 32 "In5"
    .port_info 5 /INPUT 32 "In6"
    .port_info 6 /INPUT 32 "In7"
    .port_info 7 /INPUT 32 "In8"
    .port_info 8 /INPUT 32 "In9"
    .port_info 9 /INPUT 32 "In10"
    .port_info 10 /INPUT 32 "In11"
    .port_info 11 /INPUT 32 "In12"
    .port_info 12 /INPUT 32 "In13"
    .port_info 13 /INPUT 32 "In14"
    .port_info 14 /INPUT 32 "In15"
    .port_info 15 /INPUT 32 "In16"
    .port_info 16 /INPUT 32 "In17"
    .port_info 17 /INPUT 32 "In18"
    .port_info 18 /INPUT 32 "In19"
    .port_info 19 /INPUT 32 "In20"
    .port_info 20 /INPUT 32 "In21"
    .port_info 21 /INPUT 32 "In22"
    .port_info 22 /INPUT 32 "In23"
    .port_info 23 /INPUT 32 "In24"
    .port_info 24 /INPUT 32 "In25"
    .port_info 25 /INPUT 32 "In26"
    .port_info 26 /INPUT 32 "In27"
    .port_info 27 /INPUT 32 "In28"
    .port_info 28 /INPUT 32 "In29"
    .port_info 29 /INPUT 32 "In30"
    .port_info 30 /INPUT 32 "In31"
    .port_info 31 /INPUT 32 "In32"
    .port_info 32 /INPUT 5 "Sel"
    .port_info 33 /OUTPUT 32 "Out"
v0x7f8f58f40010_0 .net "In1", 31 0, v0x7f8f58f2f970_0;  alias, 1 drivers
v0x7f8f58f400a0_0 .net "In10", 31 0, v0x7f8f58f3d1f0_0;  alias, 1 drivers
v0x7f8f58f40170_0 .net "In11", 31 0, v0x7f8f58f307d0_0;  alias, 1 drivers
v0x7f8f58f40240_0 .net "In12", 31 0, v0x7f8f58f30f10_0;  alias, 1 drivers
v0x7f8f58f40310_0 .net "In13", 31 0, v0x7f8f58f315b0_0;  alias, 1 drivers
v0x7f8f58f40420_0 .net "In14", 31 0, v0x7f8f58f31db0_0;  alias, 1 drivers
v0x7f8f58f404b0_0 .net "In15", 31 0, v0x7f8f58f323f0_0;  alias, 1 drivers
v0x7f8f58f40580_0 .net "In16", 31 0, v0x7f8f58f32ab0_0;  alias, 1 drivers
v0x7f8f58f40650_0 .net "In17", 31 0, v0x7f8f58f331b0_0;  alias, 1 drivers
v0x7f8f58f40760_0 .net "In18", 31 0, v0x7f8f58f33af0_0;  alias, 1 drivers
v0x7f8f58f40830_0 .net "In19", 31 0, v0x7f8f58f340b0_0;  alias, 1 drivers
v0x7f8f58f40900_0 .net "In2", 31 0, v0x7f8f58f300b0_0;  alias, 1 drivers
v0x7f8f58f409d0_0 .net "In20", 31 0, v0x7f8f58f34770_0;  alias, 1 drivers
v0x7f8f58f40a60_0 .net "In21", 31 0, v0x7f8f58f354f0_0;  alias, 1 drivers
v0x7f8f58f40b30_0 .net "In22", 31 0, v0x7f8f58f35bb0_0;  alias, 1 drivers
v0x7f8f58f40c00_0 .net "In23", 31 0, v0x7f8f58f36270_0;  alias, 1 drivers
v0x7f8f58f40cd0_0 .net "In24", 31 0, v0x7f8f58f369b0_0;  alias, 1 drivers
v0x7f8f58f40ea0_0 .net "In25", 31 0, v0x7f8f58f339f0_0;  alias, 1 drivers
v0x7f8f58f40f30_0 .net "In26", 31 0, v0x7f8f58f37a30_0;  alias, 1 drivers
v0x7f8f58f40fc0_0 .net "In27", 31 0, v0x7f8f58f380f0_0;  alias, 1 drivers
v0x7f8f58f41090_0 .net "In28", 31 0, v0x7f8f58f387b0_0;  alias, 1 drivers
v0x7f8f58f41120_0 .net "In29", 31 0, v0x7f8f58f38e70_0;  alias, 1 drivers
v0x7f8f58f411f0_0 .net "In3", 31 0, v0x7f8f58f34e30_0;  alias, 1 drivers
v0x7f8f58f41280_0 .net "In30", 31 0, v0x7f8f58f39530_0;  alias, 1 drivers
v0x7f8f58f41350_0 .net "In31", 31 0, v0x7f8f58f3a2b0_0;  alias, 1 drivers
v0x7f8f58f41420_0 .net "In32", 31 0, v0x7f8f58f3a970_0;  alias, 1 drivers
v0x7f8f58f414f0_0 .net "In4", 31 0, v0x7f8f58f39bf0_0;  alias, 1 drivers
v0x7f8f58f415c0_0 .net "In5", 31 0, v0x7f8f58f3b030_0;  alias, 1 drivers
v0x7f8f58f41690_0 .net "In6", 31 0, v0x7f8f58f3b6f0_0;  alias, 1 drivers
v0x7f8f58f41760_0 .net "In7", 31 0, v0x7f8f58f3bdb0_0;  alias, 1 drivers
v0x7f8f58f41830_0 .net "In8", 31 0, v0x7f8f58f3c470_0;  alias, 1 drivers
v0x7f8f58f41900_0 .net "In9", 31 0, v0x7f8f58f3cb30_0;  alias, 1 drivers
v0x7f8f58f419d0_0 .var "Out", 31 0;
v0x7f8f58f40d60_0 .net "Sel", 4 0, v0x7f8f58f48980_0;  alias, 1 drivers
E_0x7f8f58f3d8c0/0 .event edge, v0x7f8f58f40d60_0, v0x7f8f58f3a970_0, v0x7f8f58f3a2b0_0, v0x7f8f58f39530_0;
E_0x7f8f58f3d8c0/1 .event edge, v0x7f8f58f38e70_0, v0x7f8f58f387b0_0, v0x7f8f58f380f0_0, v0x7f8f58f37a30_0;
E_0x7f8f58f3d8c0/2 .event edge, v0x7f8f58f339f0_0, v0x7f8f58f369b0_0, v0x7f8f58f36270_0, v0x7f8f58f35bb0_0;
E_0x7f8f58f3d8c0/3 .event edge, v0x7f8f58f354f0_0, v0x7f8f58f34770_0, v0x7f8f58f340b0_0, v0x7f8f58f33af0_0;
E_0x7f8f58f3d8c0/4 .event edge, v0x7f8f58f331b0_0, v0x7f8f58f32ab0_0, v0x7f8f58f323f0_0, v0x7f8f58f31db0_0;
E_0x7f8f58f3d8c0/5 .event edge, v0x7f8f58f315b0_0, v0x7f8f58f30f10_0, v0x7f8f58f307d0_0, v0x7f8f58f3d1f0_0;
E_0x7f8f58f3d8c0/6 .event edge, v0x7f8f58f3cb30_0, v0x7f8f58f3c470_0, v0x7f8f58f3bdb0_0, v0x7f8f58f3b6f0_0;
E_0x7f8f58f3d8c0/7 .event edge, v0x7f8f58f3b030_0, v0x7f8f58f39bf0_0, v0x7f8f58f34e30_0, v0x7f8f58f300b0_0;
E_0x7f8f58f3d8c0/8 .event edge, v0x7f8f58f2f970_0;
E_0x7f8f58f3d8c0 .event/or E_0x7f8f58f3d8c0/0, E_0x7f8f58f3d8c0/1, E_0x7f8f58f3d8c0/2, E_0x7f8f58f3d8c0/3, E_0x7f8f58f3d8c0/4, E_0x7f8f58f3d8c0/5, E_0x7f8f58f3d8c0/6, E_0x7f8f58f3d8c0/7, E_0x7f8f58f3d8c0/8;
S_0x7f8f58f41e40 .scope module, "writeenable" "regf_edemux" 4 128, 4 13 0, S_0x7f8f58f2f1b0;
 .timescale 0 0;
    .port_info 0 /INPUT 5 "binary_in"
    .port_info 1 /OUTPUT 1 "out0"
    .port_info 2 /OUTPUT 1 "out1"
    .port_info 3 /OUTPUT 1 "out2"
    .port_info 4 /OUTPUT 1 "out3"
    .port_info 5 /OUTPUT 1 "out4"
    .port_info 6 /OUTPUT 1 "out5"
    .port_info 7 /OUTPUT 1 "out6"
    .port_info 8 /OUTPUT 1 "out7"
    .port_info 9 /OUTPUT 1 "out8"
    .port_info 10 /OUTPUT 1 "out9"
    .port_info 11 /OUTPUT 1 "out10"
    .port_info 12 /OUTPUT 1 "out11"
    .port_info 13 /OUTPUT 1 "out12"
    .port_info 14 /OUTPUT 1 "out13"
    .port_info 15 /OUTPUT 1 "out14"
    .port_info 16 /OUTPUT 1 "out15"
    .port_info 17 /OUTPUT 1 "out16"
    .port_info 18 /OUTPUT 1 "out17"
    .port_info 19 /OUTPUT 1 "out18"
    .port_info 20 /OUTPUT 1 "out19"
    .port_info 21 /OUTPUT 1 "out20"
    .port_info 22 /OUTPUT 1 "out21"
    .port_info 23 /OUTPUT 1 "out22"
    .port_info 24 /OUTPUT 1 "out23"
    .port_info 25 /OUTPUT 1 "out24"
    .port_info 26 /OUTPUT 1 "out25"
    .port_info 27 /OUTPUT 1 "out26"
    .port_info 28 /OUTPUT 1 "out27"
    .port_info 29 /OUTPUT 1 "out28"
    .port_info 30 /OUTPUT 1 "out29"
    .port_info 31 /OUTPUT 1 "out30"
    .port_info 32 /OUTPUT 1 "out31"
    .port_info 33 /INPUT 1 "enable"
v0x7f8f58f42400_0 .net "binary_in", 4 0, L_0x7f8f58f372c0;  alias, 1 drivers
v0x7f8f58f42490_0 .net "enable", 0 0, v0x7f8f58f48640_0;  alias, 1 drivers
v0x7f8f58f42530_0 .var "ooout0", 0 0;
v0x7f8f58f425c0_0 .var "ooout1", 0 0;
v0x7f8f58f42660_0 .var "ooout10", 0 0;
v0x7f8f58f42740_0 .var "ooout11", 0 0;
v0x7f8f58f427e0_0 .var "ooout12", 0 0;
v0x7f8f58f42880_0 .var "ooout13", 0 0;
v0x7f8f58f42920_0 .var "ooout14", 0 0;
v0x7f8f58f42a30_0 .var "ooout15", 0 0;
v0x7f8f58f42ac0_0 .var "ooout16", 0 0;
v0x7f8f58f42b60_0 .var "ooout17", 0 0;
v0x7f8f58f42c00_0 .var "ooout18", 0 0;
v0x7f8f58f42ca0_0 .var "ooout19", 0 0;
v0x7f8f58f42d40_0 .var "ooout2", 0 0;
v0x7f8f58f42de0_0 .var "ooout20", 0 0;
v0x7f8f58f42e80_0 .var "ooout21", 0 0;
v0x7f8f58f43010_0 .var "ooout22", 0 0;
v0x7f8f58f430a0_0 .var "ooout23", 0 0;
v0x7f8f58f43130_0 .var "ooout24", 0 0;
v0x7f8f58f431c0_0 .var "ooout25", 0 0;
v0x7f8f58f43260_0 .var "ooout26", 0 0;
v0x7f8f58f43300_0 .var "ooout27", 0 0;
v0x7f8f58f433a0_0 .var "ooout28", 0 0;
v0x7f8f58f43440_0 .var "ooout29", 0 0;
v0x7f8f58f434e0_0 .var "ooout3", 0 0;
v0x7f8f58f43580_0 .var "ooout30", 0 0;
v0x7f8f58f43620_0 .var "ooout31", 0 0;
v0x7f8f58f436c0_0 .var "ooout4", 0 0;
v0x7f8f58f43760_0 .var "ooout5", 0 0;
v0x7f8f58f43800_0 .var "ooout6", 0 0;
v0x7f8f58f438a0_0 .var "ooout7", 0 0;
v0x7f8f58f43940_0 .var "ooout8", 0 0;
v0x7f8f58f42f20_0 .var "ooout9", 0 0;
v0x7f8f58f43bd0_0 .var "out0", 0 0;
v0x7f8f58f43c60_0 .var "out1", 0 0;
v0x7f8f58f43cf0_0 .var "out10", 0 0;
v0x7f8f58f43d80_0 .var "out11", 0 0;
v0x7f8f58f43e10_0 .var "out12", 0 0;
v0x7f8f58f43ea0_0 .var "out13", 0 0;
v0x7f8f58f43f30_0 .var "out14", 0 0;
v0x7f8f58f43fe0_0 .var "out15", 0 0;
v0x7f8f58f44090_0 .var "out16", 0 0;
v0x7f8f58f44140_0 .var "out17", 0 0;
v0x7f8f58f441f0_0 .var "out18", 0 0;
v0x7f8f58f442a0_0 .var "out19", 0 0;
v0x7f8f58f44350_0 .var "out2", 0 0;
v0x7f8f58f44400_0 .var "out20", 0 0;
v0x7f8f58f444b0_0 .var "out21", 0 0;
v0x7f8f58f44560_0 .var "out22", 0 0;
v0x7f8f58f44610_0 .var "out23", 0 0;
v0x7f8f58f446c0_0 .var "out24", 0 0;
v0x7f8f58f44770_0 .var "out25", 0 0;
v0x7f8f58f44820_0 .var "out26", 0 0;
v0x7f8f58f448d0_0 .var "out27", 0 0;
v0x7f8f58f44980_0 .var "out28", 0 0;
v0x7f8f58f44a30_0 .var "out29", 0 0;
v0x7f8f58f44ae0_0 .var "out3", 0 0;
v0x7f8f58f44b90_0 .var "out30", 0 0;
v0x7f8f58f44c40_0 .var "out31", 0 0;
v0x7f8f58f44cf0_0 .var "out4", 0 0;
v0x7f8f58f44da0_0 .var "out5", 0 0;
v0x7f8f58f44e50_0 .var "out6", 0 0;
v0x7f8f58f44f00_0 .var "out7", 0 0;
v0x7f8f58f44fb0_0 .var "out8", 0 0;
v0x7f8f58f439f0_0 .var "out9", 0 0;
L_0x7f8f58f371a0 .functor BUFT 1, C8<771>, C4<0>, C4<0>, C4<0>;
v0x7f8f58f43aa0_0 .net8 "vdd", 0 0, L_0x7f8f58f371a0;  1 drivers, strength-aware
E_0x7f8f58f3fb10 .event edge, v0x7f8f58f42400_0, v0x7f8f58f42490_0;
E_0x7f8f58f3fb60 .event edge, v0x7f8f58f43aa0_0;
S_0x7f8f58f48350 .scope module, "tock" "Clock" 3 11, 4 4 0, S_0x7f8f58f0cdd0;
 .timescale 0 0;
    .port_info 0 /OUTPUT 1 "tick"
v0x7f8f58f48520_0 .var "tick", 0 0;
    .scope S_0x7f8f58f00fc0;
T_0 ;
    %wait E_0x7f8f58f01ab0;
    %load/vec4 v0x7f8f58f00380_0;
    %nor/r;
    %flag_set/vec4 8;
    %jmp/0xz  T_0.0, 8;
    %pushi/vec4 0, 0, 32;
    %assign/vec4 v0x7f8f58f2ef00_0, 0;
    %jmp T_0.1;
T_0.0 ;
    %load/vec4 v0x7f8f58f2efb0_0;
    %flag_set/vec4 8;
    %jmp/0xz  T_0.2, 8;
    %pushi/vec4 0, 0, 32;
    %assign/vec4 v0x7f8f58f2ef00_0, 0;
T_0.2 ;
T_0.1 ;
    %jmp T_0;
    .thread T_0;
    .scope S_0x7f8f58f48350;
T_1 ;
    %pushi/vec4 0, 0, 1;
    %store/vec4 v0x7f8f58f48520_0, 0, 1;
    %end;
    .thread T_1;
    .scope S_0x7f8f58f48350;
T_2 ;
    %delay 5, 0;
    %load/vec4 v0x7f8f58f48520_0;
    %inv;
    %store/vec4 v0x7f8f58f48520_0, 0, 1;
    %jmp T_2;
    .thread T_2;
    .scope S_0x7f8f58f41e40;
T_3 ;
    %wait E_0x7f8f58f3fb60;
    %pushi/vec4 0, 0, 1;
    %assign/vec4 v0x7f8f58f42530_0, 0;
    %pushi/vec4 0, 0, 1;
    %assign/vec4 v0x7f8f58f425c0_0, 0;
    %pushi/vec4 0, 0, 1;
    %assign/vec4 v0x7f8f58f42d40_0, 0;
    %pushi/vec4 0, 0, 1;
    %assign/vec4 v0x7f8f58f434e0_0, 0;
    %pushi/vec4 0, 0, 1;
    %assign/vec4 v0x7f8f58f436c0_0, 0;
    %pushi/vec4 0, 0, 1;
    %assign/vec4 v0x7f8f58f43760_0, 0;
    %pushi/vec4 0, 0, 1;
    %assign/vec4 v0x7f8f58f43800_0, 0;
    %pushi/vec4 0, 0, 1;
    %assign/vec4 v0x7f8f58f438a0_0, 0;
    %pushi/vec4 0, 0, 1;
    %assign/vec4 v0x7f8f58f43940_0, 0;
    %pushi/vec4 0, 0, 1;
    %assign/vec4 v0x7f8f58f42f20_0, 0;
    %pushi/vec4 0, 0, 1;
    %assign/vec4 v0x7f8f58f42660_0, 0;
    %pushi/vec4 0, 0, 1;
    %assign/vec4 v0x7f8f58f42740_0, 0;
    %pushi/vec4 0, 0, 1;
    %assign/vec4 v0x7f8f58f427e0_0, 0;
    %pushi/vec4 0, 0, 1;
    %assign/vec4 v0x7f8f58f42880_0, 0;
    %pushi/vec4 0, 0, 1;
    %assign/vec4 v0x7f8f58f42920_0, 0;
    %pushi/vec4 0, 0, 1;
    %assign/vec4 v0x7f8f58f42a30_0, 0;
    %pushi/vec4 0, 0, 1;
    %assign/vec4 v0x7f8f58f42ac0_0, 0;
    %pushi/vec4 0, 0, 1;
    %assign/vec4 v0x7f8f58f42b60_0, 0;
    %pushi/vec4 0, 0, 1;
    %assign/vec4 v0x7f8f58f42c00_0, 0;
    %pushi/vec4 0, 0, 1;
    %assign/vec4 v0x7f8f58f42ca0_0, 0;
    %pushi/vec4 0, 0, 1;
    %assign/vec4 v0x7f8f58f42de0_0, 0;
    %pushi/vec4 0, 0, 1;
    %assign/vec4 v0x7f8f58f42e80_0, 0;
    %pushi/vec4 0, 0, 1;
    %assign/vec4 v0x7f8f58f43010_0, 0;
    %pushi/vec4 0, 0, 1;
    %assign/vec4 v0x7f8f58f430a0_0, 0;
    %pushi/vec4 0, 0, 1;
    %assign/vec4 v0x7f8f58f43130_0, 0;
    %pushi/vec4 0, 0, 1;
    %assign/vec4 v0x7f8f58f431c0_0, 0;
    %pushi/vec4 0, 0, 1;
    %assign/vec4 v0x7f8f58f43260_0, 0;
    %pushi/vec4 0, 0, 1;
    %assign/vec4 v0x7f8f58f43300_0, 0;
    %pushi/vec4 0, 0, 1;
    %assign/vec4 v0x7f8f58f433a0_0, 0;
    %pushi/vec4 0, 0, 1;
    %assign/vec4 v0x7f8f58f43440_0, 0;
    %pushi/vec4 0, 0, 1;
    %assign/vec4 v0x7f8f58f43580_0, 0;
    %pushi/vec4 0, 0, 1;
    %assign/vec4 v0x7f8f58f43620_0, 0;
    %jmp T_3;
    .thread T_3, $push;
    .scope S_0x7f8f58f41e40;
T_4 ;
    %wait E_0x7f8f58f3fb60;
    %load/vec4 v0x7f8f58f42530_0;
    %assign/vec4 v0x7f8f58f43bd0_0, 0;
    %load/vec4 v0x7f8f58f425c0_0;
    %assign/vec4 v0x7f8f58f43c60_0, 0;
    %load/vec4 v0x7f8f58f42d40_0;
    %assign/vec4 v0x7f8f58f44350_0, 0;
    %load/vec4 v0x7f8f58f434e0_0;
    %assign/vec4 v0x7f8f58f44ae0_0, 0;
    %load/vec4 v0x7f8f58f436c0_0;
    %assign/vec4 v0x7f8f58f44cf0_0, 0;
    %load/vec4 v0x7f8f58f43760_0;
    %assign/vec4 v0x7f8f58f44da0_0, 0;
    %load/vec4 v0x7f8f58f43800_0;
    %assign/vec4 v0x7f8f58f44e50_0, 0;
    %load/vec4 v0x7f8f58f438a0_0;
    %assign/vec4 v0x7f8f58f44f00_0, 0;
    %load/vec4 v0x7f8f58f43940_0;
    %assign/vec4 v0x7f8f58f44fb0_0, 0;
    %load/vec4 v0x7f8f58f42f20_0;
    %assign/vec4 v0x7f8f58f439f0_0, 0;
    %load/vec4 v0x7f8f58f42660_0;
    %assign/vec4 v0x7f8f58f43cf0_0, 0;
    %load/vec4 v0x7f8f58f42740_0;
    %assign/vec4 v0x7f8f58f43d80_0, 0;
    %load/vec4 v0x7f8f58f427e0_0;
    %assign/vec4 v0x7f8f58f43e10_0, 0;
    %load/vec4 v0x7f8f58f42880_0;
    %assign/vec4 v0x7f8f58f43ea0_0, 0;
    %load/vec4 v0x7f8f58f42920_0;
    %assign/vec4 v0x7f8f58f43f30_0, 0;
    %load/vec4 v0x7f8f58f42a30_0;
    %assign/vec4 v0x7f8f58f43fe0_0, 0;
    %load/vec4 v0x7f8f58f42ac0_0;
    %assign/vec4 v0x7f8f58f44090_0, 0;
    %load/vec4 v0x7f8f58f42b60_0;
    %assign/vec4 v0x7f8f58f44140_0, 0;
    %load/vec4 v0x7f8f58f42c00_0;
    %assign/vec4 v0x7f8f58f441f0_0, 0;
    %load/vec4 v0x7f8f58f42ca0_0;
    %assign/vec4 v0x7f8f58f442a0_0, 0;
    %load/vec4 v0x7f8f58f42de0_0;
    %assign/vec4 v0x7f8f58f44400_0, 0;
    %load/vec4 v0x7f8f58f42e80_0;
    %assign/vec4 v0x7f8f58f444b0_0, 0;
    %load/vec4 v0x7f8f58f43010_0;
    %assign/vec4 v0x7f8f58f44560_0, 0;
    %load/vec4 v0x7f8f58f430a0_0;
    %assign/vec4 v0x7f8f58f44610_0, 0;
    %load/vec4 v0x7f8f58f43130_0;
    %assign/vec4 v0x7f8f58f446c0_0, 0;
    %load/vec4 v0x7f8f58f431c0_0;
    %assign/vec4 v0x7f8f58f44770_0, 0;
    %load/vec4 v0x7f8f58f43260_0;
    %assign/vec4 v0x7f8f58f44820_0, 0;
    %load/vec4 v0x7f8f58f43300_0;
    %assign/vec4 v0x7f8f58f448d0_0, 0;
    %load/vec4 v0x7f8f58f433a0_0;
    %assign/vec4 v0x7f8f58f44980_0, 0;
    %load/vec4 v0x7f8f58f43440_0;
    %assign/vec4 v0x7f8f58f44a30_0, 0;
    %load/vec4 v0x7f8f58f43580_0;
    %assign/vec4 v0x7f8f58f44b90_0, 0;
    %load/vec4 v0x7f8f58f43620_0;
    %assign/vec4 v0x7f8f58f44c40_0, 0;
    %jmp T_4;
    .thread T_4, $push;
    .scope S_0x7f8f58f41e40;
T_5 ;
    %wait E_0x7f8f58f3fb10;
    %load/vec4 v0x7f8f58f42490_0;
    %flag_set/vec4 8;
    %jmp/0xz  T_5.0, 8;
    %load/vec4 v0x7f8f58f42400_0;
    %dup/vec4;
    %pushi/vec4 0, 0, 5;
    %cmp/u;
    %jmp/1 T_5.2, 6;
    %dup/vec4;
    %pushi/vec4 1, 0, 5;
    %cmp/u;
    %jmp/1 T_5.3, 6;
    %dup/vec4;
    %pushi/vec4 2, 0, 5;
    %cmp/u;
    %jmp/1 T_5.4, 6;
    %dup/vec4;
    %pushi/vec4 3, 0, 5;
    %cmp/u;
    %jmp/1 T_5.5, 6;
    %dup/vec4;
    %pushi/vec4 4, 0, 5;
    %cmp/u;
    %jmp/1 T_5.6, 6;
    %dup/vec4;
    %pushi/vec4 5, 0, 5;
    %cmp/u;
    %jmp/1 T_5.7, 6;
    %dup/vec4;
    %pushi/vec4 6, 0, 5;
    %cmp/u;
    %jmp/1 T_5.8, 6;
    %dup/vec4;
    %pushi/vec4 7, 0, 5;
    %cmp/u;
    %jmp/1 T_5.9, 6;
    %dup/vec4;
    %pushi/vec4 8, 0, 5;
    %cmp/u;
    %jmp/1 T_5.10, 6;
    %dup/vec4;
    %pushi/vec4 9, 0, 5;
    %cmp/u;
    %jmp/1 T_5.11, 6;
    %dup/vec4;
    %pushi/vec4 10, 0, 5;
    %cmp/u;
    %jmp/1 T_5.12, 6;
    %dup/vec4;
    %pushi/vec4 11, 0, 5;
    %cmp/u;
    %jmp/1 T_5.13, 6;
    %dup/vec4;
    %pushi/vec4 12, 0, 5;
    %cmp/u;
    %jmp/1 T_5.14, 6;
    %dup/vec4;
    %pushi/vec4 13, 0, 5;
    %cmp/u;
    %jmp/1 T_5.15, 6;
    %dup/vec4;
    %pushi/vec4 14, 0, 5;
    %cmp/u;
    %jmp/1 T_5.16, 6;
    %dup/vec4;
    %pushi/vec4 15, 0, 5;
    %cmp/u;
    %jmp/1 T_5.17, 6;
    %dup/vec4;
    %pushi/vec4 16, 0, 5;
    %cmp/u;
    %jmp/1 T_5.18, 6;
    %dup/vec4;
    %pushi/vec4 17, 0, 5;
    %cmp/u;
    %jmp/1 T_5.19, 6;
    %dup/vec4;
    %pushi/vec4 18, 0, 5;
    %cmp/u;
    %jmp/1 T_5.20, 6;
    %dup/vec4;
    %pushi/vec4 19, 0, 5;
    %cmp/u;
    %jmp/1 T_5.21, 6;
    %dup/vec4;
    %pushi/vec4 20, 0, 5;
    %cmp/u;
    %jmp/1 T_5.22, 6;
    %dup/vec4;
    %pushi/vec4 21, 0, 5;
    %cmp/u;
    %jmp/1 T_5.23, 6;
    %dup/vec4;
    %pushi/vec4 22, 0, 5;
    %cmp/u;
    %jmp/1 T_5.24, 6;
    %dup/vec4;
    %pushi/vec4 23, 0, 5;
    %cmp/u;
    %jmp/1 T_5.25, 6;
    %dup/vec4;
    %pushi/vec4 24, 0, 5;
    %cmp/u;
    %jmp/1 T_5.26, 6;
    %dup/vec4;
    %pushi/vec4 25, 0, 5;
    %cmp/u;
    %jmp/1 T_5.27, 6;
    %dup/vec4;
    %pushi/vec4 26, 0, 5;
    %cmp/u;
    %jmp/1 T_5.28, 6;
    %dup/vec4;
    %pushi/vec4 27, 0, 5;
    %cmp/u;
    %jmp/1 T_5.29, 6;
    %dup/vec4;
    %pushi/vec4 28, 0, 5;
    %cmp/u;
    %jmp/1 T_5.30, 6;
    %dup/vec4;
    %pushi/vec4 29, 0, 5;
    %cmp/u;
    %jmp/1 T_5.31, 6;
    %dup/vec4;
    %pushi/vec4 30, 0, 5;
    %cmp/u;
    %jmp/1 T_5.32, 6;
    %dup/vec4;
    %pushi/vec4 31, 0, 5;
    %cmp/u;
    %jmp/1 T_5.33, 6;
    %jmp T_5.34;
T_5.2 ;
    %load/vec4 v0x7f8f58f42490_0;
    %assign/vec4 v0x7f8f58f43bd0_0, 0;
    %jmp T_5.34;
T_5.3 ;
    %load/vec4 v0x7f8f58f42490_0;
    %assign/vec4 v0x7f8f58f43c60_0, 0;
    %jmp T_5.34;
T_5.4 ;
    %load/vec4 v0x7f8f58f42490_0;
    %assign/vec4 v0x7f8f58f44350_0, 0;
    %jmp T_5.34;
T_5.5 ;
    %load/vec4 v0x7f8f58f42490_0;
    %assign/vec4 v0x7f8f58f44ae0_0, 0;
    %jmp T_5.34;
T_5.6 ;
    %load/vec4 v0x7f8f58f42490_0;
    %assign/vec4 v0x7f8f58f44cf0_0, 0;
    %jmp T_5.34;
T_5.7 ;
    %load/vec4 v0x7f8f58f42490_0;
    %assign/vec4 v0x7f8f58f44da0_0, 0;
    %jmp T_5.34;
T_5.8 ;
    %load/vec4 v0x7f8f58f42490_0;
    %assign/vec4 v0x7f8f58f44e50_0, 0;
    %jmp T_5.34;
T_5.9 ;
    %load/vec4 v0x7f8f58f42490_0;
    %assign/vec4 v0x7f8f58f44f00_0, 0;
    %jmp T_5.34;
T_5.10 ;
    %load/vec4 v0x7f8f58f42490_0;
    %assign/vec4 v0x7f8f58f44fb0_0, 0;
    %jmp T_5.34;
T_5.11 ;
    %load/vec4 v0x7f8f58f42490_0;
    %assign/vec4 v0x7f8f58f439f0_0, 0;
    %jmp T_5.34;
T_5.12 ;
    %load/vec4 v0x7f8f58f42490_0;
    %assign/vec4 v0x7f8f58f43cf0_0, 0;
    %jmp T_5.34;
T_5.13 ;
    %load/vec4 v0x7f8f58f42490_0;
    %assign/vec4 v0x7f8f58f43d80_0, 0;
    %jmp T_5.34;
T_5.14 ;
    %load/vec4 v0x7f8f58f42490_0;
    %assign/vec4 v0x7f8f58f43e10_0, 0;
    %jmp T_5.34;
T_5.15 ;
    %load/vec4 v0x7f8f58f42490_0;
    %assign/vec4 v0x7f8f58f43ea0_0, 0;
    %jmp T_5.34;
T_5.16 ;
    %load/vec4 v0x7f8f58f42490_0;
    %assign/vec4 v0x7f8f58f43f30_0, 0;
    %jmp T_5.34;
T_5.17 ;
    %load/vec4 v0x7f8f58f42490_0;
    %assign/vec4 v0x7f8f58f43fe0_0, 0;
    %jmp T_5.34;
T_5.18 ;
    %load/vec4 v0x7f8f58f42490_0;
    %assign/vec4 v0x7f8f58f44090_0, 0;
    %jmp T_5.34;
T_5.19 ;
    %load/vec4 v0x7f8f58f42490_0;
    %assign/vec4 v0x7f8f58f44140_0, 0;
    %jmp T_5.34;
T_5.20 ;
    %load/vec4 v0x7f8f58f42490_0;
    %assign/vec4 v0x7f8f58f441f0_0, 0;
    %jmp T_5.34;
T_5.21 ;
    %load/vec4 v0x7f8f58f42490_0;
    %assign/vec4 v0x7f8f58f442a0_0, 0;
    %jmp T_5.34;
T_5.22 ;
    %load/vec4 v0x7f8f58f42490_0;
    %assign/vec4 v0x7f8f58f44400_0, 0;
    %jmp T_5.34;
T_5.23 ;
    %load/vec4 v0x7f8f58f42490_0;
    %assign/vec4 v0x7f8f58f444b0_0, 0;
    %jmp T_5.34;
T_5.24 ;
    %load/vec4 v0x7f8f58f42490_0;
    %assign/vec4 v0x7f8f58f44560_0, 0;
    %jmp T_5.34;
T_5.25 ;
    %load/vec4 v0x7f8f58f42490_0;
    %assign/vec4 v0x7f8f58f44610_0, 0;
    %jmp T_5.34;
T_5.26 ;
    %load/vec4 v0x7f8f58f42490_0;
    %assign/vec4 v0x7f8f58f446c0_0, 0;
    %jmp T_5.34;
T_5.27 ;
    %load/vec4 v0x7f8f58f42490_0;
    %assign/vec4 v0x7f8f58f44770_0, 0;
    %jmp T_5.34;
T_5.28 ;
    %load/vec4 v0x7f8f58f42490_0;
    %assign/vec4 v0x7f8f58f44820_0, 0;
    %jmp T_5.34;
T_5.29 ;
    %load/vec4 v0x7f8f58f42490_0;
    %assign/vec4 v0x7f8f58f448d0_0, 0;
    %jmp T_5.34;
T_5.30 ;
    %load/vec4 v0x7f8f58f42490_0;
    %assign/vec4 v0x7f8f58f44980_0, 0;
    %jmp T_5.34;
T_5.31 ;
    %load/vec4 v0x7f8f58f42490_0;
    %assign/vec4 v0x7f8f58f44a30_0, 0;
    %jmp T_5.34;
T_5.32 ;
    %load/vec4 v0x7f8f58f42490_0;
    %assign/vec4 v0x7f8f58f44b90_0, 0;
    %jmp T_5.34;
T_5.33 ;
    %load/vec4 v0x7f8f58f42490_0;
    %assign/vec4 v0x7f8f58f44c40_0, 0;
    %jmp T_5.34;
T_5.34 ;
    %pop/vec4 1;
T_5.0 ;
    %jmp T_5;
    .thread T_5, $push;
    .scope S_0x7f8f58f2f490;
T_6 ;
    %wait E_0x7f8f58f2f7c0;
    %load/vec4 v0x7f8f58f2f810_0;
    %nor/r;
    %flag_set/vec4 8;
    %jmp/0xz  T_6.0, 8;
    %pushi/vec4 0, 0, 32;
    %assign/vec4 v0x7f8f58f2f970_0, 0;
    %jmp T_6.1;
T_6.0 ;
    %load/vec4 v0x7f8f58f2fa30_0;
    %flag_set/vec4 8;
    %jmp/0xz  T_6.2, 8;
    %load/vec4 v0x7f8f58f2f8c0_0;
    %assign/vec4 v0x7f8f58f2f970_0, 0;
T_6.2 ;
T_6.1 ;
    %jmp T_6;
    .thread T_6;
    .scope S_0x7f8f58f2fc30;
T_7 ;
    %wait E_0x7f8f58f2ff30;
    %load/vec4 v0x7f8f58f2ff60_0;
    %nor/r;
    %flag_set/vec4 8;
    %jmp/0xz  T_7.0, 8;
    %pushi/vec4 0, 0, 32;
    %assign/vec4 v0x7f8f58f300b0_0, 0;
    %jmp T_7.1;
T_7.0 ;
    %load/vec4 v0x7f8f58f30170_0;
    %flag_set/vec4 8;
    %jmp/0xz  T_7.2, 8;
    %load/vec4 v0x7f8f58f30000_0;
    %assign/vec4 v0x7f8f58f300b0_0, 0;
T_7.2 ;
T_7.1 ;
    %jmp T_7;
    .thread T_7;
    .scope S_0x7f8f58f34a20;
T_8 ;
    %wait E_0x7f8f58f2ff30;
    %load/vec4 v0x7f8f58f34cf0_0;
    %nor/r;
    %flag_set/vec4 8;
    %jmp/0xz  T_8.0, 8;
    %pushi/vec4 0, 0, 32;
    %assign/vec4 v0x7f8f58f34e30_0, 0;
    %jmp T_8.1;
T_8.0 ;
    %load/vec4 v0x7f8f58f34ef0_0;
    %flag_set/vec4 8;
    %jmp/0xz  T_8.2, 8;
    %load/vec4 v0x7f8f58f34d90_0;
    %assign/vec4 v0x7f8f58f34e30_0, 0;
T_8.2 ;
T_8.1 ;
    %jmp T_8;
    .thread T_8;
    .scope S_0x7f8f58f397e0;
T_9 ;
    %wait E_0x7f8f58f2ff30;
    %load/vec4 v0x7f8f58f39ab0_0;
    %nor/r;
    %flag_set/vec4 8;
    %jmp/0xz  T_9.0, 8;
    %pushi/vec4 0, 0, 32;
    %assign/vec4 v0x7f8f58f39bf0_0, 0;
    %jmp T_9.1;
T_9.0 ;
    %load/vec4 v0x7f8f58f39cb0_0;
    %flag_set/vec4 8;
    %jmp/0xz  T_9.2, 8;
    %load/vec4 v0x7f8f58f39b50_0;
    %assign/vec4 v0x7f8f58f39bf0_0, 0;
T_9.2 ;
T_9.1 ;
    %jmp T_9;
    .thread T_9;
    .scope S_0x7f8f58f3ac20;
T_10 ;
    %wait E_0x7f8f58f2ff30;
    %load/vec4 v0x7f8f58f3aef0_0;
    %nor/r;
    %flag_set/vec4 8;
    %jmp/0xz  T_10.0, 8;
    %pushi/vec4 0, 0, 32;
    %assign/vec4 v0x7f8f58f3b030_0, 0;
    %jmp T_10.1;
T_10.0 ;
    %load/vec4 v0x7f8f58f3b0f0_0;
    %flag_set/vec4 8;
    %jmp/0xz  T_10.2, 8;
    %load/vec4 v0x7f8f58f3af90_0;
    %assign/vec4 v0x7f8f58f3b030_0, 0;
T_10.2 ;
T_10.1 ;
    %jmp T_10;
    .thread T_10;
    .scope S_0x7f8f58f3b2e0;
T_11 ;
    %wait E_0x7f8f58f2ff30;
    %load/vec4 v0x7f8f58f3b5b0_0;
    %nor/r;
    %flag_set/vec4 8;
    %jmp/0xz  T_11.0, 8;
    %pushi/vec4 0, 0, 32;
    %assign/vec4 v0x7f8f58f3b6f0_0, 0;
    %jmp T_11.1;
T_11.0 ;
    %load/vec4 v0x7f8f58f3b7b0_0;
    %flag_set/vec4 8;
    %jmp/0xz  T_11.2, 8;
    %load/vec4 v0x7f8f58f3b650_0;
    %assign/vec4 v0x7f8f58f3b6f0_0, 0;
T_11.2 ;
T_11.1 ;
    %jmp T_11;
    .thread T_11;
    .scope S_0x7f8f58f3b9a0;
T_12 ;
    %wait E_0x7f8f58f2ff30;
    %load/vec4 v0x7f8f58f3bc70_0;
    %nor/r;
    %flag_set/vec4 8;
    %jmp/0xz  T_12.0, 8;
    %pushi/vec4 0, 0, 32;
    %assign/vec4 v0x7f8f58f3bdb0_0, 0;
    %jmp T_12.1;
T_12.0 ;
    %load/vec4 v0x7f8f58f3be70_0;
    %flag_set/vec4 8;
    %jmp/0xz  T_12.2, 8;
    %load/vec4 v0x7f8f58f3bd10_0;
    %assign/vec4 v0x7f8f58f3bdb0_0, 0;
T_12.2 ;
T_12.1 ;
    %jmp T_12;
    .thread T_12;
    .scope S_0x7f8f58f3c060;
T_13 ;
    %wait E_0x7f8f58f2ff30;
    %load/vec4 v0x7f8f58f3c330_0;
    %nor/r;
    %flag_set/vec4 8;
    %jmp/0xz  T_13.0, 8;
    %pushi/vec4 0, 0, 32;
    %assign/vec4 v0x7f8f58f3c470_0, 0;
    %jmp T_13.1;
T_13.0 ;
    %load/vec4 v0x7f8f58f3c530_0;
    %flag_set/vec4 8;
    %jmp/0xz  T_13.2, 8;
    %load/vec4 v0x7f8f58f3c3d0_0;
    %assign/vec4 v0x7f8f58f3c470_0, 0;
T_13.2 ;
T_13.1 ;
    %jmp T_13;
    .thread T_13;
    .scope S_0x7f8f58f3c720;
T_14 ;
    %wait E_0x7f8f58f2ff30;
    %load/vec4 v0x7f8f58f3c9f0_0;
    %nor/r;
    %flag_set/vec4 8;
    %jmp/0xz  T_14.0, 8;
    %pushi/vec4 0, 0, 32;
    %assign/vec4 v0x7f8f58f3cb30_0, 0;
    %jmp T_14.1;
T_14.0 ;
    %load/vec4 v0x7f8f58f3cbf0_0;
    %flag_set/vec4 8;
    %jmp/0xz  T_14.2, 8;
    %load/vec4 v0x7f8f58f3ca90_0;
    %assign/vec4 v0x7f8f58f3cb30_0, 0;
T_14.2 ;
T_14.1 ;
    %jmp T_14;
    .thread T_14;
    .scope S_0x7f8f58f3cde0;
T_15 ;
    %wait E_0x7f8f58f2ff30;
    %load/vec4 v0x7f8f58f3d0b0_0;
    %nor/r;
    %flag_set/vec4 8;
    %jmp/0xz  T_15.0, 8;
    %pushi/vec4 0, 0, 32;
    %assign/vec4 v0x7f8f58f3d1f0_0, 0;
    %jmp T_15.1;
T_15.0 ;
    %load/vec4 v0x7f8f58f3d2b0_0;
    %flag_set/vec4 8;
    %jmp/0xz  T_15.2, 8;
    %load/vec4 v0x7f8f58f3d150_0;
    %assign/vec4 v0x7f8f58f3d1f0_0, 0;
T_15.2 ;
T_15.1 ;
    %jmp T_15;
    .thread T_15;
    .scope S_0x7f8f58f30350;
T_16 ;
    %wait E_0x7f8f58f2ff30;
    %load/vec4 v0x7f8f58f30670_0;
    %nor/r;
    %flag_set/vec4 8;
    %jmp/0xz  T_16.0, 8;
    %pushi/vec4 0, 0, 32;
    %assign/vec4 v0x7f8f58f307d0_0, 0;
    %jmp T_16.1;
T_16.0 ;
    %load/vec4 v0x7f8f58f30880_0;
    %flag_set/vec4 8;
    %jmp/0xz  T_16.2, 8;
    %load/vec4 v0x7f8f58f30720_0;
    %assign/vec4 v0x7f8f58f307d0_0, 0;
T_16.2 ;
T_16.1 ;
    %jmp T_16;
    .thread T_16;
    .scope S_0x7f8f58f30a80;
T_17 ;
    %wait E_0x7f8f58f2ff30;
    %load/vec4 v0x7f8f58f30d50_0;
    %nor/r;
    %flag_set/vec4 8;
    %jmp/0xz  T_17.0, 8;
    %pushi/vec4 0, 0, 32;
    %assign/vec4 v0x7f8f58f30f10_0, 0;
    %jmp T_17.1;
T_17.0 ;
    %load/vec4 v0x7f8f58f30fa0_0;
    %flag_set/vec4 8;
    %jmp/0xz  T_17.2, 8;
    %load/vec4 v0x7f8f58f30e30_0;
    %assign/vec4 v0x7f8f58f30f10_0, 0;
T_17.2 ;
T_17.1 ;
    %jmp T_17;
    .thread T_17;
    .scope S_0x7f8f58f31180;
T_18 ;
    %wait E_0x7f8f58f2ff30;
    %load/vec4 v0x7f8f58f31490_0;
    %nor/r;
    %flag_set/vec4 8;
    %jmp/0xz  T_18.0, 8;
    %pushi/vec4 0, 0, 32;
    %assign/vec4 v0x7f8f58f315b0_0, 0;
    %jmp T_18.1;
T_18.0 ;
    %load/vec4 v0x7f8f58f31670_0;
    %flag_set/vec4 8;
    %jmp/0xz  T_18.2, 8;
    %load/vec4 v0x7f8f58f31520_0;
    %assign/vec4 v0x7f8f58f315b0_0, 0;
T_18.2 ;
T_18.1 ;
    %jmp T_18;
    .thread T_18;
    .scope S_0x7f8f58f318c0;
T_19 ;
    %wait E_0x7f8f58f2ff30;
    %load/vec4 v0x7f8f58f31b70_0;
    %nor/r;
    %flag_set/vec4 8;
    %jmp/0xz  T_19.0, 8;
    %pushi/vec4 0, 0, 32;
    %assign/vec4 v0x7f8f58f31db0_0, 0;
    %jmp T_19.1;
T_19.0 ;
    %load/vec4 v0x7f8f58f31e40_0;
    %flag_set/vec4 8;
    %jmp/0xz  T_19.2, 8;
    %load/vec4 v0x7f8f58f31c90_0;
    %assign/vec4 v0x7f8f58f31db0_0, 0;
T_19.2 ;
T_19.1 ;
    %jmp T_19;
    .thread T_19;
    .scope S_0x7f8f58f31fe0;
T_20 ;
    %wait E_0x7f8f58f2ff30;
    %load/vec4 v0x7f8f58f322b0_0;
    %nor/r;
    %flag_set/vec4 8;
    %jmp/0xz  T_20.0, 8;
    %pushi/vec4 0, 0, 32;
    %assign/vec4 v0x7f8f58f323f0_0, 0;
    %jmp T_20.1;
T_20.0 ;
    %load/vec4 v0x7f8f58f324b0_0;
    %flag_set/vec4 8;
    %jmp/0xz  T_20.2, 8;
    %load/vec4 v0x7f8f58f32350_0;
    %assign/vec4 v0x7f8f58f323f0_0, 0;
T_20.2 ;
T_20.1 ;
    %jmp T_20;
    .thread T_20;
    .scope S_0x7f8f58f326a0;
T_21 ;
    %wait E_0x7f8f58f2ff30;
    %load/vec4 v0x7f8f58f32970_0;
    %nor/r;
    %flag_set/vec4 8;
    %jmp/0xz  T_21.0, 8;
    %pushi/vec4 0, 0, 32;
    %assign/vec4 v0x7f8f58f32ab0_0, 0;
    %jmp T_21.1;
T_21.0 ;
    %load/vec4 v0x7f8f58f32b70_0;
    %flag_set/vec4 8;
    %jmp/0xz  T_21.2, 8;
    %load/vec4 v0x7f8f58f32a10_0;
    %assign/vec4 v0x7f8f58f32ab0_0, 0;
T_21.2 ;
T_21.1 ;
    %jmp T_21;
    .thread T_21;
    .scope S_0x7f8f58f32d60;
T_22 ;
    %wait E_0x7f8f58f2ff30;
    %load/vec4 v0x7f8f58f33070_0;
    %nor/r;
    %flag_set/vec4 8;
    %jmp/0xz  T_22.0, 8;
    %pushi/vec4 0, 0, 32;
    %assign/vec4 v0x7f8f58f331b0_0, 0;
    %jmp T_22.1;
T_22.0 ;
    %load/vec4 v0x7f8f58f33270_0;
    %flag_set/vec4 8;
    %jmp/0xz  T_22.2, 8;
    %load/vec4 v0x7f8f58f33110_0;
    %assign/vec4 v0x7f8f58f331b0_0, 0;
T_22.2 ;
T_22.1 ;
    %jmp T_22;
    .thread T_22;
    .scope S_0x7f8f58f33540;
T_23 ;
    %wait E_0x7f8f58f2ff30;
    %load/vec4 v0x7f8f58f337c0_0;
    %nor/r;
    %flag_set/vec4 8;
    %jmp/0xz  T_23.0, 8;
    %pushi/vec4 0, 0, 32;
    %assign/vec4 v0x7f8f58f33af0_0, 0;
    %jmp T_23.1;
T_23.0 ;
    %load/vec4 v0x7f8f58f33b80_0;
    %flag_set/vec4 8;
    %jmp/0xz  T_23.2, 8;
    %load/vec4 v0x7f8f58f33950_0;
    %assign/vec4 v0x7f8f58f33af0_0, 0;
T_23.2 ;
T_23.1 ;
    %jmp T_23;
    .thread T_23;
    .scope S_0x7f8f58f33ca0;
T_24 ;
    %wait E_0x7f8f58f2ff30;
    %load/vec4 v0x7f8f58f33f70_0;
    %nor/r;
    %flag_set/vec4 8;
    %jmp/0xz  T_24.0, 8;
    %pushi/vec4 0, 0, 32;
    %assign/vec4 v0x7f8f58f340b0_0, 0;
    %jmp T_24.1;
T_24.0 ;
    %load/vec4 v0x7f8f58f34170_0;
    %flag_set/vec4 8;
    %jmp/0xz  T_24.2, 8;
    %load/vec4 v0x7f8f58f34010_0;
    %assign/vec4 v0x7f8f58f340b0_0, 0;
T_24.2 ;
T_24.1 ;
    %jmp T_24;
    .thread T_24;
    .scope S_0x7f8f58f34360;
T_25 ;
    %wait E_0x7f8f58f2ff30;
    %load/vec4 v0x7f8f58f34630_0;
    %nor/r;
    %flag_set/vec4 8;
    %jmp/0xz  T_25.0, 8;
    %pushi/vec4 0, 0, 32;
    %assign/vec4 v0x7f8f58f34770_0, 0;
    %jmp T_25.1;
T_25.0 ;
    %load/vec4 v0x7f8f58f34830_0;
    %flag_set/vec4 8;
    %jmp/0xz  T_25.2, 8;
    %load/vec4 v0x7f8f58f346d0_0;
    %assign/vec4 v0x7f8f58f34770_0, 0;
T_25.2 ;
T_25.1 ;
    %jmp T_25;
    .thread T_25;
    .scope S_0x7f8f58f350e0;
T_26 ;
    %wait E_0x7f8f58f2ff30;
    %load/vec4 v0x7f8f58f353b0_0;
    %nor/r;
    %flag_set/vec4 8;
    %jmp/0xz  T_26.0, 8;
    %pushi/vec4 0, 0, 32;
    %assign/vec4 v0x7f8f58f354f0_0, 0;
    %jmp T_26.1;
T_26.0 ;
    %load/vec4 v0x7f8f58f355b0_0;
    %flag_set/vec4 8;
    %jmp/0xz  T_26.2, 8;
    %load/vec4 v0x7f8f58f35450_0;
    %assign/vec4 v0x7f8f58f354f0_0, 0;
T_26.2 ;
T_26.1 ;
    %jmp T_26;
    .thread T_26;
    .scope S_0x7f8f58f357a0;
T_27 ;
    %wait E_0x7f8f58f2ff30;
    %load/vec4 v0x7f8f58f35a70_0;
    %nor/r;
    %flag_set/vec4 8;
    %jmp/0xz  T_27.0, 8;
    %pushi/vec4 0, 0, 32;
    %assign/vec4 v0x7f8f58f35bb0_0, 0;
    %jmp T_27.1;
T_27.0 ;
    %load/vec4 v0x7f8f58f35c70_0;
    %flag_set/vec4 8;
    %jmp/0xz  T_27.2, 8;
    %load/vec4 v0x7f8f58f35b10_0;
    %assign/vec4 v0x7f8f58f35bb0_0, 0;
T_27.2 ;
T_27.1 ;
    %jmp T_27;
    .thread T_27;
    .scope S_0x7f8f58f35e60;
T_28 ;
    %wait E_0x7f8f58f2ff30;
    %load/vec4 v0x7f8f58f36130_0;
    %nor/r;
    %flag_set/vec4 8;
    %jmp/0xz  T_28.0, 8;
    %pushi/vec4 0, 0, 32;
    %assign/vec4 v0x7f8f58f36270_0, 0;
    %jmp T_28.1;
T_28.0 ;
    %load/vec4 v0x7f8f58f36330_0;
    %flag_set/vec4 8;
    %jmp/0xz  T_28.2, 8;
    %load/vec4 v0x7f8f58f361d0_0;
    %assign/vec4 v0x7f8f58f36270_0, 0;
T_28.2 ;
T_28.1 ;
    %jmp T_28;
    .thread T_28;
    .scope S_0x7f8f58f36520;
T_29 ;
    %wait E_0x7f8f58f2ff30;
    %load/vec4 v0x7f8f58f36870_0;
    %nor/r;
    %flag_set/vec4 8;
    %jmp/0xz  T_29.0, 8;
    %pushi/vec4 0, 0, 32;
    %assign/vec4 v0x7f8f58f369b0_0, 0;
    %jmp T_29.1;
T_29.0 ;
    %load/vec4 v0x7f8f58f36a70_0;
    %flag_set/vec4 8;
    %jmp/0xz  T_29.2, 8;
    %load/vec4 v0x7f8f58f36910_0;
    %assign/vec4 v0x7f8f58f369b0_0, 0;
T_29.2 ;
T_29.1 ;
    %jmp T_29;
    .thread T_29;
    .scope S_0x7f8f58f36de0;
T_30 ;
    %wait E_0x7f8f58f2ff30;
    %load/vec4 v0x7f8f58f37060_0;
    %nor/r;
    %flag_set/vec4 8;
    %jmp/0xz  T_30.0, 8;
    %pushi/vec4 0, 0, 32;
    %assign/vec4 v0x7f8f58f339f0_0, 0;
    %jmp T_30.1;
T_30.0 ;
    %load/vec4 v0x7f8f58f374f0_0;
    %flag_set/vec4 8;
    %jmp/0xz  T_30.2, 8;
    %load/vec4 v0x7f8f58f33850_0;
    %assign/vec4 v0x7f8f58f339f0_0, 0;
T_30.2 ;
T_30.1 ;
    %jmp T_30;
    .thread T_30;
    .scope S_0x7f8f58f37620;
T_31 ;
    %wait E_0x7f8f58f2ff30;
    %load/vec4 v0x7f8f58f378f0_0;
    %nor/r;
    %flag_set/vec4 8;
    %jmp/0xz  T_31.0, 8;
    %pushi/vec4 0, 0, 32;
    %assign/vec4 v0x7f8f58f37a30_0, 0;
    %jmp T_31.1;
T_31.0 ;
    %load/vec4 v0x7f8f58f37af0_0;
    %flag_set/vec4 8;
    %jmp/0xz  T_31.2, 8;
    %load/vec4 v0x7f8f58f37990_0;
    %assign/vec4 v0x7f8f58f37a30_0, 0;
T_31.2 ;
T_31.1 ;
    %jmp T_31;
    .thread T_31;
    .scope S_0x7f8f58f37ce0;
T_32 ;
    %wait E_0x7f8f58f2ff30;
    %load/vec4 v0x7f8f58f37fb0_0;
    %nor/r;
    %flag_set/vec4 8;
    %jmp/0xz  T_32.0, 8;
    %pushi/vec4 0, 0, 32;
    %assign/vec4 v0x7f8f58f380f0_0, 0;
    %jmp T_32.1;
T_32.0 ;
    %load/vec4 v0x7f8f58f381b0_0;
    %flag_set/vec4 8;
    %jmp/0xz  T_32.2, 8;
    %load/vec4 v0x7f8f58f38050_0;
    %assign/vec4 v0x7f8f58f380f0_0, 0;
T_32.2 ;
T_32.1 ;
    %jmp T_32;
    .thread T_32;
    .scope S_0x7f8f58f383a0;
T_33 ;
    %wait E_0x7f8f58f2ff30;
    %load/vec4 v0x7f8f58f38670_0;
    %nor/r;
    %flag_set/vec4 8;
    %jmp/0xz  T_33.0, 8;
    %pushi/vec4 0, 0, 32;
    %assign/vec4 v0x7f8f58f387b0_0, 0;
    %jmp T_33.1;
T_33.0 ;
    %load/vec4 v0x7f8f58f38870_0;
    %flag_set/vec4 8;
    %jmp/0xz  T_33.2, 8;
    %load/vec4 v0x7f8f58f38710_0;
    %assign/vec4 v0x7f8f58f387b0_0, 0;
T_33.2 ;
T_33.1 ;
    %jmp T_33;
    .thread T_33;
    .scope S_0x7f8f58f38a60;
T_34 ;
    %wait E_0x7f8f58f2ff30;
    %load/vec4 v0x7f8f58f38d30_0;
    %nor/r;
    %flag_set/vec4 8;
    %jmp/0xz  T_34.0, 8;
    %pushi/vec4 0, 0, 32;
    %assign/vec4 v0x7f8f58f38e70_0, 0;
    %jmp T_34.1;
T_34.0 ;
    %load/vec4 v0x7f8f58f38f30_0;
    %flag_set/vec4 8;
    %jmp/0xz  T_34.2, 8;
    %load/vec4 v0x7f8f58f38dd0_0;
    %assign/vec4 v0x7f8f58f38e70_0, 0;
T_34.2 ;
T_34.1 ;
    %jmp T_34;
    .thread T_34;
    .scope S_0x7f8f58f39120;
T_35 ;
    %wait E_0x7f8f58f2ff30;
    %load/vec4 v0x7f8f58f393f0_0;
    %nor/r;
    %flag_set/vec4 8;
    %jmp/0xz  T_35.0, 8;
    %pushi/vec4 0, 0, 32;
    %assign/vec4 v0x7f8f58f39530_0, 0;
    %jmp T_35.1;
T_35.0 ;
    %load/vec4 v0x7f8f58f395f0_0;
    %flag_set/vec4 8;
    %jmp/0xz  T_35.2, 8;
    %load/vec4 v0x7f8f58f39490_0;
    %assign/vec4 v0x7f8f58f39530_0, 0;
T_35.2 ;
T_35.1 ;
    %jmp T_35;
    .thread T_35;
    .scope S_0x7f8f58f39ea0;
T_36 ;
    %wait E_0x7f8f58f2ff30;
    %load/vec4 v0x7f8f58f3a170_0;
    %nor/r;
    %flag_set/vec4 8;
    %jmp/0xz  T_36.0, 8;
    %pushi/vec4 0, 0, 32;
    %assign/vec4 v0x7f8f58f3a2b0_0, 0;
    %jmp T_36.1;
T_36.0 ;
    %load/vec4 v0x7f8f58f3a370_0;
    %flag_set/vec4 8;
    %jmp/0xz  T_36.2, 8;
    %load/vec4 v0x7f8f58f3a210_0;
    %assign/vec4 v0x7f8f58f3a2b0_0, 0;
T_36.2 ;
T_36.1 ;
    %jmp T_36;
    .thread T_36;
    .scope S_0x7f8f58f3a560;
T_37 ;
    %wait E_0x7f8f58f2ff30;
    %load/vec4 v0x7f8f58f3a830_0;
    %nor/r;
    %flag_set/vec4 8;
    %jmp/0xz  T_37.0, 8;
    %pushi/vec4 0, 0, 32;
    %assign/vec4 v0x7f8f58f3a970_0, 0;
    %jmp T_37.1;
T_37.0 ;
    %load/vec4 v0x7f8f58f3aa30_0;
    %flag_set/vec4 8;
    %jmp/0xz  T_37.2, 8;
    %load/vec4 v0x7f8f58f3a8d0_0;
    %assign/vec4 v0x7f8f58f3a970_0, 0;
T_37.2 ;
T_37.1 ;
    %jmp T_37;
    .thread T_37;
    .scope S_0x7f8f58f3d4a0;
T_38 ;
    %wait E_0x7f8f58f30640;
    %load/vec4 v0x7f8f58f3e8e0_0;
    %dup/vec4;
    %pushi/vec4 0, 0, 5;
    %cmp/u;
    %jmp/1 T_38.0, 6;
    %dup/vec4;
    %pushi/vec4 1, 0, 5;
    %cmp/u;
    %jmp/1 T_38.1, 6;
    %dup/vec4;
    %pushi/vec4 2, 0, 5;
    %cmp/u;
    %jmp/1 T_38.2, 6;
    %dup/vec4;
    %pushi/vec4 3, 0, 5;
    %cmp/u;
    %jmp/1 T_38.3, 6;
    %dup/vec4;
    %pushi/vec4 4, 0, 5;
    %cmp/u;
    %jmp/1 T_38.4, 6;
    %dup/vec4;
    %pushi/vec4 5, 0, 5;
    %cmp/u;
    %jmp/1 T_38.5, 6;
    %dup/vec4;
    %pushi/vec4 6, 0, 5;
    %cmp/u;
    %jmp/1 T_38.6, 6;
    %dup/vec4;
    %pushi/vec4 7, 0, 5;
    %cmp/u;
    %jmp/1 T_38.7, 6;
    %dup/vec4;
    %pushi/vec4 8, 0, 5;
    %cmp/u;
    %jmp/1 T_38.8, 6;
    %dup/vec4;
    %pushi/vec4 9, 0, 5;
    %cmp/u;
    %jmp/1 T_38.9, 6;
    %dup/vec4;
    %pushi/vec4 10, 0, 5;
    %cmp/u;
    %jmp/1 T_38.10, 6;
    %dup/vec4;
    %pushi/vec4 11, 0, 5;
    %cmp/u;
    %jmp/1 T_38.11, 6;
    %dup/vec4;
    %pushi/vec4 12, 0, 5;
    %cmp/u;
    %jmp/1 T_38.12, 6;
    %dup/vec4;
    %pushi/vec4 13, 0, 5;
    %cmp/u;
    %jmp/1 T_38.13, 6;
    %dup/vec4;
    %pushi/vec4 14, 0, 5;
    %cmp/u;
    %jmp/1 T_38.14, 6;
    %dup/vec4;
    %pushi/vec4 15, 0, 5;
    %cmp/u;
    %jmp/1 T_38.15, 6;
    %dup/vec4;
    %pushi/vec4 16, 0, 5;
    %cmp/u;
    %jmp/1 T_38.16, 6;
    %dup/vec4;
    %pushi/vec4 17, 0, 5;
    %cmp/u;
    %jmp/1 T_38.17, 6;
    %dup/vec4;
    %pushi/vec4 18, 0, 5;
    %cmp/u;
    %jmp/1 T_38.18, 6;
    %dup/vec4;
    %pushi/vec4 19, 0, 5;
    %cmp/u;
    %jmp/1 T_38.19, 6;
    %dup/vec4;
    %pushi/vec4 20, 0, 5;
    %cmp/u;
    %jmp/1 T_38.20, 6;
    %dup/vec4;
    %pushi/vec4 21, 0, 5;
    %cmp/u;
    %jmp/1 T_38.21, 6;
    %dup/vec4;
    %pushi/vec4 22, 0, 5;
    %cmp/u;
    %jmp/1 T_38.22, 6;
    %dup/vec4;
    %pushi/vec4 23, 0, 5;
    %cmp/u;
    %jmp/1 T_38.23, 6;
    %dup/vec4;
    %pushi/vec4 24, 0, 5;
    %cmp/u;
    %jmp/1 T_38.24, 6;
    %dup/vec4;
    %pushi/vec4 25, 0, 5;
    %cmp/u;
    %jmp/1 T_38.25, 6;
    %dup/vec4;
    %pushi/vec4 26, 0, 5;
    %cmp/u;
    %jmp/1 T_38.26, 6;
    %dup/vec4;
    %pushi/vec4 27, 0, 5;
    %cmp/u;
    %jmp/1 T_38.27, 6;
    %dup/vec4;
    %pushi/vec4 28, 0, 5;
    %cmp/u;
    %jmp/1 T_38.28, 6;
    %dup/vec4;
    %pushi/vec4 29, 0, 5;
    %cmp/u;
    %jmp/1 T_38.29, 6;
    %dup/vec4;
    %pushi/vec4 30, 0, 5;
    %cmp/u;
    %jmp/1 T_38.30, 6;
    %dup/vec4;
    %pushi/vec4 31, 0, 5;
    %cmp/u;
    %jmp/1 T_38.31, 6;
    %jmp T_38.32;
T_38.0 ;
    %load/vec4 v0x7f8f58f366f0_0;
    %assign/vec4 v0x7f8f58f3f3d0_0, 0;
    %jmp T_38.32;
T_38.1 ;
    %load/vec4 v0x7f8f58f3e4e0_0;
    %assign/vec4 v0x7f8f58f3f3d0_0, 0;
    %jmp T_38.32;
T_38.2 ;
    %load/vec4 v0x7f8f58f3ecf0_0;
    %assign/vec4 v0x7f8f58f3f3d0_0, 0;
    %jmp T_38.32;
T_38.3 ;
    %load/vec4 v0x7f8f58f3efb0_0;
    %assign/vec4 v0x7f8f58f3f3d0_0, 0;
    %jmp T_38.32;
T_38.4 ;
    %load/vec4 v0x7f8f58f3f060_0;
    %assign/vec4 v0x7f8f58f3f3d0_0, 0;
    %jmp T_38.32;
T_38.5 ;
    %load/vec4 v0x7f8f58f3f110_0;
    %assign/vec4 v0x7f8f58f3f3d0_0, 0;
    %jmp T_38.32;
T_38.6 ;
    %load/vec4 v0x7f8f58f3f1c0_0;
    %assign/vec4 v0x7f8f58f3f3d0_0, 0;
    %jmp T_38.32;
T_38.7 ;
    %load/vec4 v0x7f8f58f3f270_0;
    %assign/vec4 v0x7f8f58f3f3d0_0, 0;
    %jmp T_38.32;
T_38.8 ;
    %load/vec4 v0x7f8f58f3f320_0;
    %assign/vec4 v0x7f8f58f3f3d0_0, 0;
    %jmp T_38.32;
T_38.9 ;
    %load/vec4 v0x7f8f58f3ddc0_0;
    %assign/vec4 v0x7f8f58f3f3d0_0, 0;
    %jmp T_38.32;
T_38.10 ;
    %load/vec4 v0x7f8f58f3de50_0;
    %assign/vec4 v0x7f8f58f3f3d0_0, 0;
    %jmp T_38.32;
T_38.11 ;
    %load/vec4 v0x7f8f58f3df00_0;
    %assign/vec4 v0x7f8f58f3f3d0_0, 0;
    %jmp T_38.32;
T_38.12 ;
    %load/vec4 v0x7f8f58f3dfb0_0;
    %assign/vec4 v0x7f8f58f3f3d0_0, 0;
    %jmp T_38.32;
T_38.13 ;
    %load/vec4 v0x7f8f58f3e080_0;
    %assign/vec4 v0x7f8f58f3f3d0_0, 0;
    %jmp T_38.32;
T_38.14 ;
    %load/vec4 v0x7f8f58f3e130_0;
    %assign/vec4 v0x7f8f58f3f3d0_0, 0;
    %jmp T_38.32;
T_38.15 ;
    %load/vec4 v0x7f8f58f3e1e0_0;
    %assign/vec4 v0x7f8f58f3f3d0_0, 0;
    %jmp T_38.32;
T_38.16 ;
    %load/vec4 v0x7f8f58f3e290_0;
    %assign/vec4 v0x7f8f58f3f3d0_0, 0;
    %jmp T_38.32;
T_38.17 ;
    %load/vec4 v0x7f8f58f3e3c0_0;
    %assign/vec4 v0x7f8f58f3f3d0_0, 0;
    %jmp T_38.32;
T_38.18 ;
    %load/vec4 v0x7f8f58f3e450_0;
    %assign/vec4 v0x7f8f58f3f3d0_0, 0;
    %jmp T_38.32;
T_38.19 ;
    %load/vec4 v0x7f8f58f3e590_0;
    %assign/vec4 v0x7f8f58f3f3d0_0, 0;
    %jmp T_38.32;
T_38.20 ;
    %load/vec4 v0x7f8f58f3e640_0;
    %assign/vec4 v0x7f8f58f3f3d0_0, 0;
    %jmp T_38.32;
T_38.21 ;
    %load/vec4 v0x7f8f58f3e6f0_0;
    %assign/vec4 v0x7f8f58f3f3d0_0, 0;
    %jmp T_38.32;
T_38.22 ;
    %load/vec4 v0x7f8f58f3e7a0_0;
    %assign/vec4 v0x7f8f58f3f3d0_0, 0;
    %jmp T_38.32;
T_38.23 ;
    %load/vec4 v0x7f8f58f3e850_0;
    %assign/vec4 v0x7f8f58f3f3d0_0, 0;
    %jmp T_38.32;
T_38.24 ;
    %load/vec4 v0x7f8f58f3ea00_0;
    %assign/vec4 v0x7f8f58f3f3d0_0, 0;
    %jmp T_38.32;
T_38.25 ;
    %load/vec4 v0x7f8f58f3ea90_0;
    %assign/vec4 v0x7f8f58f3f3d0_0, 0;
    %jmp T_38.32;
T_38.26 ;
    %load/vec4 v0x7f8f58f3eb20_0;
    %assign/vec4 v0x7f8f58f3f3d0_0, 0;
    %jmp T_38.32;
T_38.27 ;
    %load/vec4 v0x7f8f58f3ebb0_0;
    %assign/vec4 v0x7f8f58f3f3d0_0, 0;
    %jmp T_38.32;
T_38.28 ;
    %load/vec4 v0x7f8f58f3ec40_0;
    %assign/vec4 v0x7f8f58f3f3d0_0, 0;
    %jmp T_38.32;
T_38.29 ;
    %load/vec4 v0x7f8f58f3eda0_0;
    %assign/vec4 v0x7f8f58f3f3d0_0, 0;
    %jmp T_38.32;
T_38.30 ;
    %load/vec4 v0x7f8f58f3ee50_0;
    %assign/vec4 v0x7f8f58f3f3d0_0, 0;
    %jmp T_38.32;
T_38.31 ;
    %load/vec4 v0x7f8f58f3ef00_0;
    %assign/vec4 v0x7f8f58f3f3d0_0, 0;
    %jmp T_38.32;
T_38.32 ;
    %pop/vec4 1;
    %jmp T_38;
    .thread T_38, $push;
    .scope S_0x7f8f58f3f940;
T_39 ;
    %wait E_0x7f8f58f3d8c0;
    %load/vec4 v0x7f8f58f40d60_0;
    %dup/vec4;
    %pushi/vec4 0, 0, 5;
    %cmp/u;
    %jmp/1 T_39.0, 6;
    %dup/vec4;
    %pushi/vec4 1, 0, 5;
    %cmp/u;
    %jmp/1 T_39.1, 6;
    %dup/vec4;
    %pushi/vec4 2, 0, 5;
    %cmp/u;
    %jmp/1 T_39.2, 6;
    %dup/vec4;
    %pushi/vec4 3, 0, 5;
    %cmp/u;
    %jmp/1 T_39.3, 6;
    %dup/vec4;
    %pushi/vec4 4, 0, 5;
    %cmp/u;
    %jmp/1 T_39.4, 6;
    %dup/vec4;
    %pushi/vec4 5, 0, 5;
    %cmp/u;
    %jmp/1 T_39.5, 6;
    %dup/vec4;
    %pushi/vec4 6, 0, 5;
    %cmp/u;
    %jmp/1 T_39.6, 6;
    %dup/vec4;
    %pushi/vec4 7, 0, 5;
    %cmp/u;
    %jmp/1 T_39.7, 6;
    %dup/vec4;
    %pushi/vec4 8, 0, 5;
    %cmp/u;
    %jmp/1 T_39.8, 6;
    %dup/vec4;
    %pushi/vec4 9, 0, 5;
    %cmp/u;
    %jmp/1 T_39.9, 6;
    %dup/vec4;
    %pushi/vec4 10, 0, 5;
    %cmp/u;
    %jmp/1 T_39.10, 6;
    %dup/vec4;
    %pushi/vec4 11, 0, 5;
    %cmp/u;
    %jmp/1 T_39.11, 6;
    %dup/vec4;
    %pushi/vec4 12, 0, 5;
    %cmp/u;
    %jmp/1 T_39.12, 6;
    %dup/vec4;
    %pushi/vec4 13, 0, 5;
    %cmp/u;
    %jmp/1 T_39.13, 6;
    %dup/vec4;
    %pushi/vec4 14, 0, 5;
    %cmp/u;
    %jmp/1 T_39.14, 6;
    %dup/vec4;
    %pushi/vec4 15, 0, 5;
    %cmp/u;
    %jmp/1 T_39.15, 6;
    %dup/vec4;
    %pushi/vec4 16, 0, 5;
    %cmp/u;
    %jmp/1 T_39.16, 6;
    %dup/vec4;
    %pushi/vec4 17, 0, 5;
    %cmp/u;
    %jmp/1 T_39.17, 6;
    %dup/vec4;
    %pushi/vec4 18, 0, 5;
    %cmp/u;
    %jmp/1 T_39.18, 6;
    %dup/vec4;
    %pushi/vec4 19, 0, 5;
    %cmp/u;
    %jmp/1 T_39.19, 6;
    %dup/vec4;
    %pushi/vec4 20, 0, 5;
    %cmp/u;
    %jmp/1 T_39.20, 6;
    %dup/vec4;
    %pushi/vec4 21, 0, 5;
    %cmp/u;
    %jmp/1 T_39.21, 6;
    %dup/vec4;
    %pushi/vec4 22, 0, 5;
    %cmp/u;
    %jmp/1 T_39.22, 6;
    %dup/vec4;
    %pushi/vec4 23, 0, 5;
    %cmp/u;
    %jmp/1 T_39.23, 6;
    %dup/vec4;
    %pushi/vec4 24, 0, 5;
    %cmp/u;
    %jmp/1 T_39.24, 6;
    %dup/vec4;
    %pushi/vec4 25, 0, 5;
    %cmp/u;
    %jmp/1 T_39.25, 6;
    %dup/vec4;
    %pushi/vec4 26, 0, 5;
    %cmp/u;
    %jmp/1 T_39.26, 6;
    %dup/vec4;
    %pushi/vec4 27, 0, 5;
    %cmp/u;
    %jmp/1 T_39.27, 6;
    %dup/vec4;
    %pushi/vec4 28, 0, 5;
    %cmp/u;
    %jmp/1 T_39.28, 6;
    %dup/vec4;
    %pushi/vec4 29, 0, 5;
    %cmp/u;
    %jmp/1 T_39.29, 6;
    %dup/vec4;
    %pushi/vec4 30, 0, 5;
    %cmp/u;
    %jmp/1 T_39.30, 6;
    %dup/vec4;
    %pushi/vec4 31, 0, 5;
    %cmp/u;
    %jmp/1 T_39.31, 6;
    %jmp T_39.32;
T_39.0 ;
    %load/vec4 v0x7f8f58f40010_0;
    %assign/vec4 v0x7f8f58f419d0_0, 0;
    %jmp T_39.32;
T_39.1 ;
    %load/vec4 v0x7f8f58f40900_0;
    %assign/vec4 v0x7f8f58f419d0_0, 0;
    %jmp T_39.32;
T_39.2 ;
    %load/vec4 v0x7f8f58f411f0_0;
    %assign/vec4 v0x7f8f58f419d0_0, 0;
    %jmp T_39.32;
T_39.3 ;
    %load/vec4 v0x7f8f58f414f0_0;
    %assign/vec4 v0x7f8f58f419d0_0, 0;
    %jmp T_39.32;
T_39.4 ;
    %load/vec4 v0x7f8f58f415c0_0;
    %assign/vec4 v0x7f8f58f419d0_0, 0;
    %jmp T_39.32;
T_39.5 ;
    %load/vec4 v0x7f8f58f41690_0;
    %assign/vec4 v0x7f8f58f419d0_0, 0;
    %jmp T_39.32;
T_39.6 ;
    %load/vec4 v0x7f8f58f41760_0;
    %assign/vec4 v0x7f8f58f419d0_0, 0;
    %jmp T_39.32;
T_39.7 ;
    %load/vec4 v0x7f8f58f41830_0;
    %assign/vec4 v0x7f8f58f419d0_0, 0;
    %jmp T_39.32;
T_39.8 ;
    %load/vec4 v0x7f8f58f41900_0;
    %assign/vec4 v0x7f8f58f419d0_0, 0;
    %jmp T_39.32;
T_39.9 ;
    %load/vec4 v0x7f8f58f400a0_0;
    %assign/vec4 v0x7f8f58f419d0_0, 0;
    %jmp T_39.32;
T_39.10 ;
    %load/vec4 v0x7f8f58f40170_0;
    %assign/vec4 v0x7f8f58f419d0_0, 0;
    %jmp T_39.32;
T_39.11 ;
    %load/vec4 v0x7f8f58f40240_0;
    %assign/vec4 v0x7f8f58f419d0_0, 0;
    %jmp T_39.32;
T_39.12 ;
    %load/vec4 v0x7f8f58f40310_0;
    %assign/vec4 v0x7f8f58f419d0_0, 0;
    %jmp T_39.32;
T_39.13 ;
    %load/vec4 v0x7f8f58f40420_0;
    %assign/vec4 v0x7f8f58f419d0_0, 0;
    %jmp T_39.32;
T_39.14 ;
    %load/vec4 v0x7f8f58f404b0_0;
    %assign/vec4 v0x7f8f58f419d0_0, 0;
    %jmp T_39.32;
T_39.15 ;
    %load/vec4 v0x7f8f58f40580_0;
    %assign/vec4 v0x7f8f58f419d0_0, 0;
    %jmp T_39.32;
T_39.16 ;
    %load/vec4 v0x7f8f58f40650_0;
    %assign/vec4 v0x7f8f58f419d0_0, 0;
    %jmp T_39.32;
T_39.17 ;
    %load/vec4 v0x7f8f58f40760_0;
    %assign/vec4 v0x7f8f58f419d0_0, 0;
    %jmp T_39.32;
T_39.18 ;
    %load/vec4 v0x7f8f58f40830_0;
    %assign/vec4 v0x7f8f58f419d0_0, 0;
    %jmp T_39.32;
T_39.19 ;
    %load/vec4 v0x7f8f58f409d0_0;
    %assign/vec4 v0x7f8f58f419d0_0, 0;
    %jmp T_39.32;
T_39.20 ;
    %load/vec4 v0x7f8f58f40a60_0;
    %assign/vec4 v0x7f8f58f419d0_0, 0;
    %jmp T_39.32;
T_39.21 ;
    %load/vec4 v0x7f8f58f40b30_0;
    %assign/vec4 v0x7f8f58f419d0_0, 0;
    %jmp T_39.32;
T_39.22 ;
    %load/vec4 v0x7f8f58f40c00_0;
    %assign/vec4 v0x7f8f58f419d0_0, 0;
    %jmp T_39.32;
T_39.23 ;
    %load/vec4 v0x7f8f58f40cd0_0;
    %assign/vec4 v0x7f8f58f419d0_0, 0;
    %jmp T_39.32;
T_39.24 ;
    %load/vec4 v0x7f8f58f40ea0_0;
    %assign/vec4 v0x7f8f58f419d0_0, 0;
    %jmp T_39.32;
T_39.25 ;
    %load/vec4 v0x7f8f58f40f30_0;
    %assign/vec4 v0x7f8f58f419d0_0, 0;
    %jmp T_39.32;
T_39.26 ;
    %load/vec4 v0x7f8f58f40fc0_0;
    %assign/vec4 v0x7f8f58f419d0_0, 0;
    %jmp T_39.32;
T_39.27 ;
    %load/vec4 v0x7f8f58f41090_0;
    %assign/vec4 v0x7f8f58f419d0_0, 0;
    %jmp T_39.32;
T_39.28 ;
    %load/vec4 v0x7f8f58f41120_0;
    %assign/vec4 v0x7f8f58f419d0_0, 0;
    %jmp T_39.32;
T_39.29 ;
    %load/vec4 v0x7f8f58f41280_0;
    %assign/vec4 v0x7f8f58f419d0_0, 0;
    %jmp T_39.32;
T_39.30 ;
    %load/vec4 v0x7f8f58f41350_0;
    %assign/vec4 v0x7f8f58f419d0_0, 0;
    %jmp T_39.32;
T_39.31 ;
    %load/vec4 v0x7f8f58f41420_0;
    %assign/vec4 v0x7f8f58f419d0_0, 0;
    %jmp T_39.32;
T_39.32 ;
    %pop/vec4 1;
    %jmp T_39;
    .thread T_39, $push;
    .scope S_0x7f8f58f0cdd0;
T_40 ;
    %delay 320, 0;
    %vpi_call 3 19 "$finish" {0 0 0};
    %end;
    .thread T_40;
    .scope S_0x7f8f58f0cdd0;
T_41 ;
    %pushi/vec4 16, 0, 32;
    %store/vec4 v0x7f8f58f485b0_0, 0, 32;
    %pushi/vec4 0, 0, 5;
    %store/vec4 v0x7f8f58f48ae0_0, 0, 5;
    %pushi/vec4 31, 0, 5;
    %store/vec4 v0x7f8f58f48980_0, 0, 5;
    %pushi/vec4 31, 0, 5;
    %store/vec4 v0x7f8f58f48870_0, 0, 5;
    %pushi/vec4 0, 0, 1;
    %store/vec4 v0x7f8f58f48640_0, 0, 1;
    %end;
    .thread T_41;
    .scope S_0x7f8f58f0cdd0;
T_42 ;
    %wait E_0x7f8f58f0daf0;
    %load/vec4 v0x7f8f58f485b0_0;
    %addi 1, 0, 32;
    %store/vec4 v0x7f8f58f485b0_0, 0, 32;
    %load/vec4 v0x7f8f58f48ae0_0;
    %addi 1, 0, 5;
    %store/vec4 v0x7f8f58f48ae0_0, 0, 5;
    %load/vec4 v0x7f8f58f48870_0;
    %addi 1, 0, 5;
    %store/vec4 v0x7f8f58f48870_0, 0, 5;
    %load/vec4 v0x7f8f58f48980_0;
    %addi 1, 0, 5;
    %store/vec4 v0x7f8f58f48980_0, 0, 5;
    %pushi/vec4 1, 0, 1;
    %store/vec4 v0x7f8f58f48640_0, 0, 1;
    %vpi_call 3 36 "$display", " addr2  waddr \011    wdata                    Read2" {0 0 0};
    %vpi_call 3 37 "$monitor", " %b   %b %d  %b", v0x7f8f58f48980_0, v0x7f8f58f48ae0_0, v0x7f8f58f485b0_0, v0x7f8f58f487a0_0 {0 0 0};
    %jmp T_42;
    .thread T_42;
# The file index is used to find the file name in the following table.
:file_names 6;
    "N/A";
    "<interactive>";
    "./register_modules.v";
    "regftester.v";
    "./registerFile.v";
    "./Mult32to1.v";
